The target system is: Darwin -  - aarch64
The host system is: Darwin - 14.4.0 - x86_64
Determining if the CU_get_suite exist passed with the following output:
Change Dir: /Users/husseinalzandvirtual/linphone-iphone/WORK/ios-arm64/Build/linphone/CMakeFiles/CMakeTmp

Run Build Command:"/usr/bin/make" "cmTC_ca02f/fast"
/Applications/Xcode.app/Contents/Developer/usr/bin/make -f CMakeFiles/cmTC_ca02f.dir/build.make CMakeFiles/cmTC_ca02f.dir/build
Building C object CMakeFiles/cmTC_ca02f.dir/CheckSymbolExists.c.o
/Users/husseinalzandvirtual/linphone-iphone/WORK/ios-arm64/Build/linphone/arm64-apple-darwin-clang   -arch arm64 -miphoneos-version-min=6.0 -DTARGET_OS_IPHONE=1 -D__IOS -fms-extensions -Dasm=__asm -arch arm64 -miphoneos-version-min=6.0 -DTARGET_OS_IPHONE=1 -D__IOS -fms-extensions  -isysroot /Applications/Xcode.app/Contents/Developer/Platforms/iPhoneOS.platform/Developer/SDKs/iPhoneOS8.0.sdk -I/Users/husseinalzandvirtual/linphone-iphone/liblinphone-sdk/arm64-apple-darwin.ios/include    -o CMakeFiles/cmTC_ca02f.dir/CheckSymbolExists.c.o   -c /Users/husseinalzandvirtual/linphone-iphone/WORK/ios-arm64/Build/linphone/CMakeFiles/CMakeTmp/CheckSymbolExists.c
Linking C executable cmTC_ca02f
/usr/local/Cellar/cmake/3.3.2/bin/cmake -E cmake_link_script CMakeFiles/cmTC_ca02f.dir/link.txt --verbose=1
/Users/husseinalzandvirtual/linphone-iphone/WORK/ios-arm64/Build/linphone/arm64-apple-darwin-clang   -arch arm64 -miphoneos-version-min=6.0 -DTARGET_OS_IPHONE=1 -D__IOS -fms-extensions -Dasm=__asm -arch arm64 -miphoneos-version-min=6.0 -DTARGET_OS_IPHONE=1 -D__IOS -fms-extensions  -isysroot /Applications/Xcode.app/Contents/Developer/Platforms/iPhoneOS.platform/Developer/SDKs/iPhoneOS8.0.sdk -Wl,-headerpad_max_install_names   CMakeFiles/cmTC_ca02f.dir/CheckSymbolExists.c.o  -o cmTC_ca02f  /Users/husseinalzandvirtual/linphone-iphone/liblinphone-sdk/arm64-apple-darwin.ios/lib/libcunit.a 

File /Users/husseinalzandvirtual/linphone-iphone/WORK/ios-arm64/Build/linphone/CMakeFiles/CMakeTmp/CheckSymbolExists.c:
/* */
#include <CUnit/CUnit.h>

int main(int argc, char** argv)
{
  (void)argv;
#ifndef CU_get_suite
  return ((int*)(&CU_get_suite))[argc];
#else
  (void)argc;
  return 0;
#endif
}

