The target system is: Darwin -  - armv7
The host system is: Darwin - 14.4.0 - x86_64
Determining if the include file alloca.h exists passed with the following output:
Change Dir: /Users/husseinalzandvirtual/linphone-iphone/WORK/ios-armv7/Build/speex/CMakeFiles/CMakeTmp

Run Build Command:"/usr/bin/make" "cmTC_ce072/fast"
/Applications/Xcode.app/Contents/Developer/usr/bin/make -f CMakeFiles/cmTC_ce072.dir/build.make CMakeFiles/cmTC_ce072.dir/build
Building C object CMakeFiles/cmTC_ce072.dir/CheckIncludeFile.c.o
/Users/husseinalzandvirtual/linphone-iphone/WORK/ios-armv7/Build/speex/armv7-apple-darwin-clang   -arch armv7 -miphoneos-version-min=6.0 -DTARGET_OS_IPHONE=1 -D__IOS -fms-extensions -Dasm=__asm -mcpu=cortex-a8 -arch armv7 -miphoneos-version-min=6.0 -DTARGET_OS_IPHONE=1 -D__IOS -fms-extensions  -isysroot /Applications/Xcode.app/Contents/Developer/Platforms/iPhoneOS.platform/Developer/SDKs/iPhoneOS8.0.sdk   -o CMakeFiles/cmTC_ce072.dir/CheckIncludeFile.c.o   -c /Users/husseinalzandvirtual/linphone-iphone/WORK/ios-armv7/Build/speex/CMakeFiles/CMakeTmp/CheckIncludeFile.c
Linking C executable cmTC_ce072
/usr/local/Cellar/cmake/3.3.2/bin/cmake -E cmake_link_script CMakeFiles/cmTC_ce072.dir/link.txt --verbose=1
/Users/husseinalzandvirtual/linphone-iphone/WORK/ios-armv7/Build/speex/armv7-apple-darwin-clang   -arch armv7 -miphoneos-version-min=6.0 -DTARGET_OS_IPHONE=1 -D__IOS -fms-extensions -Dasm=__asm -mcpu=cortex-a8 -arch armv7 -miphoneos-version-min=6.0 -DTARGET_OS_IPHONE=1 -D__IOS -fms-extensions  -isysroot /Applications/Xcode.app/Contents/Developer/Platforms/iPhoneOS.platform/Developer/SDKs/iPhoneOS8.0.sdk -Wl,-headerpad_max_install_names   CMakeFiles/cmTC_ce072.dir/CheckIncludeFile.c.o  -o cmTC_ce072  


Determining if the include file getopt.h exists passed with the following output:
Change Dir: /Users/husseinalzandvirtual/linphone-iphone/WORK/ios-armv7/Build/speex/CMakeFiles/CMakeTmp

Run Build Command:"/usr/bin/make" "cmTC_e443f/fast"
/Applications/Xcode.app/Contents/Developer/usr/bin/make -f CMakeFiles/cmTC_e443f.dir/build.make CMakeFiles/cmTC_e443f.dir/build
Building C object CMakeFiles/cmTC_e443f.dir/CheckIncludeFile.c.o
/Users/husseinalzandvirtual/linphone-iphone/WORK/ios-armv7/Build/speex/armv7-apple-darwin-clang   -arch armv7 -miphoneos-version-min=6.0 -DTARGET_OS_IPHONE=1 -D__IOS -fms-extensions -Dasm=__asm -mcpu=cortex-a8 -arch armv7 -miphoneos-version-min=6.0 -DTARGET_OS_IPHONE=1 -D__IOS -fms-extensions  -isysroot /Applications/Xcode.app/Contents/Developer/Platforms/iPhoneOS.platform/Developer/SDKs/iPhoneOS8.0.sdk   -o CMakeFiles/cmTC_e443f.dir/CheckIncludeFile.c.o   -c /Users/husseinalzandvirtual/linphone-iphone/WORK/ios-armv7/Build/speex/CMakeFiles/CMakeTmp/CheckIncludeFile.c
Linking C executable cmTC_e443f
/usr/local/Cellar/cmake/3.3.2/bin/cmake -E cmake_link_script CMakeFiles/cmTC_e443f.dir/link.txt --verbose=1
/Users/husseinalzandvirtual/linphone-iphone/WORK/ios-armv7/Build/speex/armv7-apple-darwin-clang   -arch armv7 -miphoneos-version-min=6.0 -DTARGET_OS_IPHONE=1 -D__IOS -fms-extensions -Dasm=__asm -mcpu=cortex-a8 -arch armv7 -miphoneos-version-min=6.0 -DTARGET_OS_IPHONE=1 -D__IOS -fms-extensions  -isysroot /Applications/Xcode.app/Contents/Developer/Platforms/iPhoneOS.platform/Developer/SDKs/iPhoneOS8.0.sdk -Wl,-headerpad_max_install_names   CMakeFiles/cmTC_e443f.dir/CheckIncludeFile.c.o  -o cmTC_e443f  


Determining if the include file string.h exists passed with the following output:
Change Dir: /Users/husseinalzandvirtual/linphone-iphone/WORK/ios-armv7/Build/speex/CMakeFiles/CMakeTmp

Run Build Command:"/usr/bin/make" "cmTC_1c8d0/fast"
/Applications/Xcode.app/Contents/Developer/usr/bin/make -f CMakeFiles/cmTC_1c8d0.dir/build.make CMakeFiles/cmTC_1c8d0.dir/build
Building C object CMakeFiles/cmTC_1c8d0.dir/CheckIncludeFile.c.o
/Users/husseinalzandvirtual/linphone-iphone/WORK/ios-armv7/Build/speex/armv7-apple-darwin-clang   -arch armv7 -miphoneos-version-min=6.0 -DTARGET_OS_IPHONE=1 -D__IOS -fms-extensions -Dasm=__asm -mcpu=cortex-a8 -arch armv7 -miphoneos-version-min=6.0 -DTARGET_OS_IPHONE=1 -D__IOS -fms-extensions  -isysroot /Applications/Xcode.app/Contents/Developer/Platforms/iPhoneOS.platform/Developer/SDKs/iPhoneOS8.0.sdk   -o CMakeFiles/cmTC_1c8d0.dir/CheckIncludeFile.c.o   -c /Users/husseinalzandvirtual/linphone-iphone/WORK/ios-armv7/Build/speex/CMakeFiles/CMakeTmp/CheckIncludeFile.c
Linking C executable cmTC_1c8d0
/usr/local/Cellar/cmake/3.3.2/bin/cmake -E cmake_link_script CMakeFiles/cmTC_1c8d0.dir/link.txt --verbose=1
/Users/husseinalzandvirtual/linphone-iphone/WORK/ios-armv7/Build/speex/armv7-apple-darwin-clang   -arch armv7 -miphoneos-version-min=6.0 -DTARGET_OS_IPHONE=1 -D__IOS -fms-extensions -Dasm=__asm -mcpu=cortex-a8 -arch armv7 -miphoneos-version-min=6.0 -DTARGET_OS_IPHONE=1 -D__IOS -fms-extensions  -isysroot /Applications/Xcode.app/Contents/Developer/Platforms/iPhoneOS.platform/Developer/SDKs/iPhoneOS8.0.sdk -Wl,-headerpad_max_install_names   CMakeFiles/cmTC_1c8d0.dir/CheckIncludeFile.c.o  -o cmTC_1c8d0  


Determining if the function getopt_long exists passed with the following output:
Change Dir: /Users/husseinalzandvirtual/linphone-iphone/WORK/ios-armv7/Build/speex/CMakeFiles/CMakeTmp

Run Build Command:"/usr/bin/make" "cmTC_0071c/fast"
/Applications/Xcode.app/Contents/Developer/usr/bin/make -f CMakeFiles/cmTC_0071c.dir/build.make CMakeFiles/cmTC_0071c.dir/build
Building C object CMakeFiles/cmTC_0071c.dir/CheckFunctionExists.c.o
/Users/husseinalzandvirtual/linphone-iphone/WORK/ios-armv7/Build/speex/armv7-apple-darwin-clang   -arch armv7 -miphoneos-version-min=6.0 -DTARGET_OS_IPHONE=1 -D__IOS -fms-extensions -Dasm=__asm -mcpu=cortex-a8 -arch armv7 -miphoneos-version-min=6.0 -DTARGET_OS_IPHONE=1 -D__IOS -fms-extensions -DCHECK_FUNCTION_EXISTS=getopt_long -isysroot /Applications/Xcode.app/Contents/Developer/Platforms/iPhoneOS.platform/Developer/SDKs/iPhoneOS8.0.sdk   -o CMakeFiles/cmTC_0071c.dir/CheckFunctionExists.c.o   -c /usr/local/Cellar/cmake/3.3.2/share/cmake/Modules/CheckFunctionExists.c
Linking C executable cmTC_0071c
/usr/local/Cellar/cmake/3.3.2/bin/cmake -E cmake_link_script CMakeFiles/cmTC_0071c.dir/link.txt --verbose=1
/Users/husseinalzandvirtual/linphone-iphone/WORK/ios-armv7/Build/speex/armv7-apple-darwin-clang   -arch armv7 -miphoneos-version-min=6.0 -DTARGET_OS_IPHONE=1 -D__IOS -fms-extensions -Dasm=__asm -mcpu=cortex-a8 -arch armv7 -miphoneos-version-min=6.0 -DTARGET_OS_IPHONE=1 -D__IOS -fms-extensions -DCHECK_FUNCTION_EXISTS=getopt_long -isysroot /Applications/Xcode.app/Contents/Developer/Platforms/iPhoneOS.platform/Developer/SDKs/iPhoneOS8.0.sdk -Wl,-headerpad_max_install_names   CMakeFiles/cmTC_0071c.dir/CheckFunctionExists.c.o  -o cmTC_0071c  


Performing C SOURCE FILE Test VAR_ARRAYS succeded with the following output:
Change Dir: /Users/husseinalzandvirtual/linphone-iphone/WORK/ios-armv7/Build/speex/CMakeFiles/CMakeTmp

Run Build Command:"/usr/bin/make" "cmTC_5c0fb/fast"
/Applications/Xcode.app/Contents/Developer/usr/bin/make -f CMakeFiles/cmTC_5c0fb.dir/build.make CMakeFiles/cmTC_5c0fb.dir/build
Building C object CMakeFiles/cmTC_5c0fb.dir/src.c.o
/Users/husseinalzandvirtual/linphone-iphone/WORK/ios-armv7/Build/speex/armv7-apple-darwin-clang   -arch armv7 -miphoneos-version-min=6.0 -DTARGET_OS_IPHONE=1 -D__IOS -fms-extensions -Dasm=__asm -mcpu=cortex-a8 -arch armv7 -miphoneos-version-min=6.0 -DTARGET_OS_IPHONE=1 -D__IOS -fms-extensions -DVAR_ARRAYS -isysroot /Applications/Xcode.app/Contents/Developer/Platforms/iPhoneOS.platform/Developer/SDKs/iPhoneOS8.0.sdk   -o CMakeFiles/cmTC_5c0fb.dir/src.c.o   -c /Users/husseinalzandvirtual/linphone-iphone/WORK/ios-armv7/Build/speex/CMakeFiles/CMakeTmp/src.c
Linking C executable cmTC_5c0fb
/usr/local/Cellar/cmake/3.3.2/bin/cmake -E cmake_link_script CMakeFiles/cmTC_5c0fb.dir/link.txt --verbose=1
/Users/husseinalzandvirtual/linphone-iphone/WORK/ios-armv7/Build/speex/armv7-apple-darwin-clang   -arch armv7 -miphoneos-version-min=6.0 -DTARGET_OS_IPHONE=1 -D__IOS -fms-extensions -Dasm=__asm -mcpu=cortex-a8 -arch armv7 -miphoneos-version-min=6.0 -DTARGET_OS_IPHONE=1 -D__IOS -fms-extensions -DVAR_ARRAYS -isysroot /Applications/Xcode.app/Contents/Developer/Platforms/iPhoneOS.platform/Developer/SDKs/iPhoneOS8.0.sdk -Wl,-headerpad_max_install_names   CMakeFiles/cmTC_5c0fb.dir/src.c.o  -o cmTC_5c0fb  

Source file was:
int main(int argc, char *argv[]) {
int foo;
foo = 10;
int array[foo];
}
Performing C SOURCE FILE Test HAS_ALLOCA succeded with the following output:
Change Dir: /Users/husseinalzandvirtual/linphone-iphone/WORK/ios-armv7/Build/speex/CMakeFiles/CMakeTmp

Run Build Command:"/usr/bin/make" "cmTC_f2e55/fast"
/Applications/Xcode.app/Contents/Developer/usr/bin/make -f CMakeFiles/cmTC_f2e55.dir/build.make CMakeFiles/cmTC_f2e55.dir/build
Building C object CMakeFiles/cmTC_f2e55.dir/src.c.o
/Users/husseinalzandvirtual/linphone-iphone/WORK/ios-armv7/Build/speex/armv7-apple-darwin-clang   -arch armv7 -miphoneos-version-min=6.0 -DTARGET_OS_IPHONE=1 -D__IOS -fms-extensions -Dasm=__asm -mcpu=cortex-a8 -arch armv7 -miphoneos-version-min=6.0 -DTARGET_OS_IPHONE=1 -D__IOS -fms-extensions -DHAS_ALLOCA -isysroot /Applications/Xcode.app/Contents/Developer/Platforms/iPhoneOS.platform/Developer/SDKs/iPhoneOS8.0.sdk   -o CMakeFiles/cmTC_f2e55.dir/src.c.o   -c /Users/husseinalzandvirtual/linphone-iphone/WORK/ios-armv7/Build/speex/CMakeFiles/CMakeTmp/src.c
Linking C executable cmTC_f2e55
/usr/local/Cellar/cmake/3.3.2/bin/cmake -E cmake_link_script CMakeFiles/cmTC_f2e55.dir/link.txt --verbose=1
/Users/husseinalzandvirtual/linphone-iphone/WORK/ios-armv7/Build/speex/armv7-apple-darwin-clang   -arch armv7 -miphoneos-version-min=6.0 -DTARGET_OS_IPHONE=1 -D__IOS -fms-extensions -Dasm=__asm -mcpu=cortex-a8 -arch armv7 -miphoneos-version-min=6.0 -DTARGET_OS_IPHONE=1 -D__IOS -fms-extensions -DHAS_ALLOCA -isysroot /Applications/Xcode.app/Contents/Developer/Platforms/iPhoneOS.platform/Developer/SDKs/iPhoneOS8.0.sdk -Wl,-headerpad_max_install_names   CMakeFiles/cmTC_f2e55.dir/src.c.o  -o cmTC_f2e55  

Source file was:
#include <alloca.h>
#include <stdlib.h>
int main(int argc, char *argv[]) {
int foo=10;
int *array = alloca(foo);
}
Performing C SOURCE FILE Test HAS_VISIBILITY succeded with the following output:
Change Dir: /Users/husseinalzandvirtual/linphone-iphone/WORK/ios-armv7/Build/speex/CMakeFiles/CMakeTmp

Run Build Command:"/usr/bin/make" "cmTC_c7fbc/fast"
/Applications/Xcode.app/Contents/Developer/usr/bin/make -f CMakeFiles/cmTC_c7fbc.dir/build.make CMakeFiles/cmTC_c7fbc.dir/build
Building C object CMakeFiles/cmTC_c7fbc.dir/src.c.o
/Users/husseinalzandvirtual/linphone-iphone/WORK/ios-armv7/Build/speex/armv7-apple-darwin-clang   -arch armv7 -miphoneos-version-min=6.0 -DTARGET_OS_IPHONE=1 -D__IOS -fms-extensions -Dasm=__asm -mcpu=cortex-a8 -arch armv7 -miphoneos-version-min=6.0 -DTARGET_OS_IPHONE=1 -D__IOS -fms-extensions -fvisibility=hidden -DHAS_VISIBILITY -isysroot /Applications/Xcode.app/Contents/Developer/Platforms/iPhoneOS.platform/Developer/SDKs/iPhoneOS8.0.sdk   -o CMakeFiles/cmTC_c7fbc.dir/src.c.o   -c /Users/husseinalzandvirtual/linphone-iphone/WORK/ios-armv7/Build/speex/CMakeFiles/CMakeTmp/src.c
Linking C executable cmTC_c7fbc
/usr/local/Cellar/cmake/3.3.2/bin/cmake -E cmake_link_script CMakeFiles/cmTC_c7fbc.dir/link.txt --verbose=1
/Users/husseinalzandvirtual/linphone-iphone/WORK/ios-armv7/Build/speex/armv7-apple-darwin-clang   -arch armv7 -miphoneos-version-min=6.0 -DTARGET_OS_IPHONE=1 -D__IOS -fms-extensions -Dasm=__asm -mcpu=cortex-a8 -arch armv7 -miphoneos-version-min=6.0 -DTARGET_OS_IPHONE=1 -D__IOS -fms-extensions -fvisibility=hidden -DHAS_VISIBILITY -isysroot /Applications/Xcode.app/Contents/Developer/Platforms/iPhoneOS.platform/Developer/SDKs/iPhoneOS8.0.sdk -Wl,-headerpad_max_install_names   CMakeFiles/cmTC_c7fbc.dir/src.c.o  -o cmTC_c7fbc  

Source file was:
#pragma GCC visibility push(hidden)
__attribute__((visibility("default")))
int var=10;
int main(int argc, char *argv[]) {}
Determining if the include file sys/types.h exists passed with the following output:
Change Dir: /Users/husseinalzandvirtual/linphone-iphone/WORK/ios-armv7/Build/speex/CMakeFiles/CMakeTmp

Run Build Command:"/usr/bin/make" "cmTC_510e3/fast"
/Applications/Xcode.app/Contents/Developer/usr/bin/make -f CMakeFiles/cmTC_510e3.dir/build.make CMakeFiles/cmTC_510e3.dir/build
Building C object CMakeFiles/cmTC_510e3.dir/CheckIncludeFile.c.o
/Users/husseinalzandvirtual/linphone-iphone/WORK/ios-armv7/Build/speex/armv7-apple-darwin-clang   -arch armv7 -miphoneos-version-min=6.0 -DTARGET_OS_IPHONE=1 -D__IOS -fms-extensions -Dasm=__asm -mcpu=cortex-a8 -arch armv7 -miphoneos-version-min=6.0 -DTARGET_OS_IPHONE=1 -D__IOS -fms-extensions  -isysroot /Applications/Xcode.app/Contents/Developer/Platforms/iPhoneOS.platform/Developer/SDKs/iPhoneOS8.0.sdk   -o CMakeFiles/cmTC_510e3.dir/CheckIncludeFile.c.o   -c /Users/husseinalzandvirtual/linphone-iphone/WORK/ios-armv7/Build/speex/CMakeFiles/CMakeTmp/CheckIncludeFile.c
Linking C executable cmTC_510e3
/usr/local/Cellar/cmake/3.3.2/bin/cmake -E cmake_link_script CMakeFiles/cmTC_510e3.dir/link.txt --verbose=1
/Users/husseinalzandvirtual/linphone-iphone/WORK/ios-armv7/Build/speex/armv7-apple-darwin-clang   -arch armv7 -miphoneos-version-min=6.0 -DTARGET_OS_IPHONE=1 -D__IOS -fms-extensions -Dasm=__asm -mcpu=cortex-a8 -arch armv7 -miphoneos-version-min=6.0 -DTARGET_OS_IPHONE=1 -D__IOS -fms-extensions  -isysroot /Applications/Xcode.app/Contents/Developer/Platforms/iPhoneOS.platform/Developer/SDKs/iPhoneOS8.0.sdk -Wl,-headerpad_max_install_names   CMakeFiles/cmTC_510e3.dir/CheckIncludeFile.c.o  -o cmTC_510e3  


Determining if the include file stdint.h exists passed with the following output:
Change Dir: /Users/husseinalzandvirtual/linphone-iphone/WORK/ios-armv7/Build/speex/CMakeFiles/CMakeTmp

Run Build Command:"/usr/bin/make" "cmTC_200ad/fast"
/Applications/Xcode.app/Contents/Developer/usr/bin/make -f CMakeFiles/cmTC_200ad.dir/build.make CMakeFiles/cmTC_200ad.dir/build
Building C object CMakeFiles/cmTC_200ad.dir/CheckIncludeFile.c.o
/Users/husseinalzandvirtual/linphone-iphone/WORK/ios-armv7/Build/speex/armv7-apple-darwin-clang   -arch armv7 -miphoneos-version-min=6.0 -DTARGET_OS_IPHONE=1 -D__IOS -fms-extensions -Dasm=__asm -mcpu=cortex-a8 -arch armv7 -miphoneos-version-min=6.0 -DTARGET_OS_IPHONE=1 -D__IOS -fms-extensions  -isysroot /Applications/Xcode.app/Contents/Developer/Platforms/iPhoneOS.platform/Developer/SDKs/iPhoneOS8.0.sdk   -o CMakeFiles/cmTC_200ad.dir/CheckIncludeFile.c.o   -c /Users/husseinalzandvirtual/linphone-iphone/WORK/ios-armv7/Build/speex/CMakeFiles/CMakeTmp/CheckIncludeFile.c
Linking C executable cmTC_200ad
/usr/local/Cellar/cmake/3.3.2/bin/cmake -E cmake_link_script CMakeFiles/cmTC_200ad.dir/link.txt --verbose=1
/Users/husseinalzandvirtual/linphone-iphone/WORK/ios-armv7/Build/speex/armv7-apple-darwin-clang   -arch armv7 -miphoneos-version-min=6.0 -DTARGET_OS_IPHONE=1 -D__IOS -fms-extensions -Dasm=__asm -mcpu=cortex-a8 -arch armv7 -miphoneos-version-min=6.0 -DTARGET_OS_IPHONE=1 -D__IOS -fms-extensions  -isysroot /Applications/Xcode.app/Contents/Developer/Platforms/iPhoneOS.platform/Developer/SDKs/iPhoneOS8.0.sdk -Wl,-headerpad_max_install_names   CMakeFiles/cmTC_200ad.dir/CheckIncludeFile.c.o  -o cmTC_200ad  


Determining if the include file stddef.h exists passed with the following output:
Change Dir: /Users/husseinalzandvirtual/linphone-iphone/WORK/ios-armv7/Build/speex/CMakeFiles/CMakeTmp

Run Build Command:"/usr/bin/make" "cmTC_2a5f9/fast"
/Applications/Xcode.app/Contents/Developer/usr/bin/make -f CMakeFiles/cmTC_2a5f9.dir/build.make CMakeFiles/cmTC_2a5f9.dir/build
Building C object CMakeFiles/cmTC_2a5f9.dir/CheckIncludeFile.c.o
/Users/husseinalzandvirtual/linphone-iphone/WORK/ios-armv7/Build/speex/armv7-apple-darwin-clang   -arch armv7 -miphoneos-version-min=6.0 -DTARGET_OS_IPHONE=1 -D__IOS -fms-extensions -Dasm=__asm -mcpu=cortex-a8 -arch armv7 -miphoneos-version-min=6.0 -DTARGET_OS_IPHONE=1 -D__IOS -fms-extensions  -isysroot /Applications/Xcode.app/Contents/Developer/Platforms/iPhoneOS.platform/Developer/SDKs/iPhoneOS8.0.sdk   -o CMakeFiles/cmTC_2a5f9.dir/CheckIncludeFile.c.o   -c /Users/husseinalzandvirtual/linphone-iphone/WORK/ios-armv7/Build/speex/CMakeFiles/CMakeTmp/CheckIncludeFile.c
Linking C executable cmTC_2a5f9
/usr/local/Cellar/cmake/3.3.2/bin/cmake -E cmake_link_script CMakeFiles/cmTC_2a5f9.dir/link.txt --verbose=1
/Users/husseinalzandvirtual/linphone-iphone/WORK/ios-armv7/Build/speex/armv7-apple-darwin-clang   -arch armv7 -miphoneos-version-min=6.0 -DTARGET_OS_IPHONE=1 -D__IOS -fms-extensions -Dasm=__asm -mcpu=cortex-a8 -arch armv7 -miphoneos-version-min=6.0 -DTARGET_OS_IPHONE=1 -D__IOS -fms-extensions  -isysroot /Applications/Xcode.app/Contents/Developer/Platforms/iPhoneOS.platform/Developer/SDKs/iPhoneOS8.0.sdk -Wl,-headerpad_max_install_names   CMakeFiles/cmTC_2a5f9.dir/CheckIncludeFile.c.o  -o cmTC_2a5f9  


Determining size of short passed with the following output:
Change Dir: /Users/husseinalzandvirtual/linphone-iphone/WORK/ios-armv7/Build/speex/CMakeFiles/CMakeTmp

Run Build Command:"/usr/bin/make" "cmTC_25e3a/fast"
/Applications/Xcode.app/Contents/Developer/usr/bin/make -f CMakeFiles/cmTC_25e3a.dir/build.make CMakeFiles/cmTC_25e3a.dir/build
Building C object CMakeFiles/cmTC_25e3a.dir/SHORT.c.o
/Users/husseinalzandvirtual/linphone-iphone/WORK/ios-armv7/Build/speex/armv7-apple-darwin-clang   -arch armv7 -miphoneos-version-min=6.0 -DTARGET_OS_IPHONE=1 -D__IOS -fms-extensions -Dasm=__asm -mcpu=cortex-a8 -arch armv7 -miphoneos-version-min=6.0 -DTARGET_OS_IPHONE=1 -D__IOS -fms-extensions  -isysroot /Applications/Xcode.app/Contents/Developer/Platforms/iPhoneOS.platform/Developer/SDKs/iPhoneOS8.0.sdk   -o CMakeFiles/cmTC_25e3a.dir/SHORT.c.o   -c /Users/husseinalzandvirtual/linphone-iphone/WORK/ios-armv7/Build/speex/CMakeFiles/CheckTypeSize/SHORT.c
Linking C executable cmTC_25e3a
/usr/local/Cellar/cmake/3.3.2/bin/cmake -E cmake_link_script CMakeFiles/cmTC_25e3a.dir/link.txt --verbose=1
/Users/husseinalzandvirtual/linphone-iphone/WORK/ios-armv7/Build/speex/armv7-apple-darwin-clang   -arch armv7 -miphoneos-version-min=6.0 -DTARGET_OS_IPHONE=1 -D__IOS -fms-extensions -Dasm=__asm -mcpu=cortex-a8 -arch armv7 -miphoneos-version-min=6.0 -DTARGET_OS_IPHONE=1 -D__IOS -fms-extensions  -isysroot /Applications/Xcode.app/Contents/Developer/Platforms/iPhoneOS.platform/Developer/SDKs/iPhoneOS8.0.sdk -Wl,-headerpad_max_install_names   CMakeFiles/cmTC_25e3a.dir/SHORT.c.o  -o cmTC_25e3a  


Determining size of int passed with the following output:
Change Dir: /Users/husseinalzandvirtual/linphone-iphone/WORK/ios-armv7/Build/speex/CMakeFiles/CMakeTmp

Run Build Command:"/usr/bin/make" "cmTC_34ff4/fast"
/Applications/Xcode.app/Contents/Developer/usr/bin/make -f CMakeFiles/cmTC_34ff4.dir/build.make CMakeFiles/cmTC_34ff4.dir/build
Building C object CMakeFiles/cmTC_34ff4.dir/INT.c.o
/Users/husseinalzandvirtual/linphone-iphone/WORK/ios-armv7/Build/speex/armv7-apple-darwin-clang   -arch armv7 -miphoneos-version-min=6.0 -DTARGET_OS_IPHONE=1 -D__IOS -fms-extensions -Dasm=__asm -mcpu=cortex-a8 -arch armv7 -miphoneos-version-min=6.0 -DTARGET_OS_IPHONE=1 -D__IOS -fms-extensions  -isysroot /Applications/Xcode.app/Contents/Developer/Platforms/iPhoneOS.platform/Developer/SDKs/iPhoneOS8.0.sdk   -o CMakeFiles/cmTC_34ff4.dir/INT.c.o   -c /Users/husseinalzandvirtual/linphone-iphone/WORK/ios-armv7/Build/speex/CMakeFiles/CheckTypeSize/INT.c
Linking C executable cmTC_34ff4
/usr/local/Cellar/cmake/3.3.2/bin/cmake -E cmake_link_script CMakeFiles/cmTC_34ff4.dir/link.txt --verbose=1
/Users/husseinalzandvirtual/linphone-iphone/WORK/ios-armv7/Build/speex/armv7-apple-darwin-clang   -arch armv7 -miphoneos-version-min=6.0 -DTARGET_OS_IPHONE=1 -D__IOS -fms-extensions -Dasm=__asm -mcpu=cortex-a8 -arch armv7 -miphoneos-version-min=6.0 -DTARGET_OS_IPHONE=1 -D__IOS -fms-extensions  -isysroot /Applications/Xcode.app/Contents/Developer/Platforms/iPhoneOS.platform/Developer/SDKs/iPhoneOS8.0.sdk -Wl,-headerpad_max_install_names   CMakeFiles/cmTC_34ff4.dir/INT.c.o  -o cmTC_34ff4  


Determining size of long passed with the following output:
Change Dir: /Users/husseinalzandvirtual/linphone-iphone/WORK/ios-armv7/Build/speex/CMakeFiles/CMakeTmp

Run Build Command:"/usr/bin/make" "cmTC_139b4/fast"
/Applications/Xcode.app/Contents/Developer/usr/bin/make -f CMakeFiles/cmTC_139b4.dir/build.make CMakeFiles/cmTC_139b4.dir/build
Building C object CMakeFiles/cmTC_139b4.dir/LONG.c.o
/Users/husseinalzandvirtual/linphone-iphone/WORK/ios-armv7/Build/speex/armv7-apple-darwin-clang   -arch armv7 -miphoneos-version-min=6.0 -DTARGET_OS_IPHONE=1 -D__IOS -fms-extensions -Dasm=__asm -mcpu=cortex-a8 -arch armv7 -miphoneos-version-min=6.0 -DTARGET_OS_IPHONE=1 -D__IOS -fms-extensions  -isysroot /Applications/Xcode.app/Contents/Developer/Platforms/iPhoneOS.platform/Developer/SDKs/iPhoneOS8.0.sdk   -o CMakeFiles/cmTC_139b4.dir/LONG.c.o   -c /Users/husseinalzandvirtual/linphone-iphone/WORK/ios-armv7/Build/speex/CMakeFiles/CheckTypeSize/LONG.c
Linking C executable cmTC_139b4
/usr/local/Cellar/cmake/3.3.2/bin/cmake -E cmake_link_script CMakeFiles/cmTC_139b4.dir/link.txt --verbose=1
/Users/husseinalzandvirtual/linphone-iphone/WORK/ios-armv7/Build/speex/armv7-apple-darwin-clang   -arch armv7 -miphoneos-version-min=6.0 -DTARGET_OS_IPHONE=1 -D__IOS -fms-extensions -Dasm=__asm -mcpu=cortex-a8 -arch armv7 -miphoneos-version-min=6.0 -DTARGET_OS_IPHONE=1 -D__IOS -fms-extensions  -isysroot /Applications/Xcode.app/Contents/Developer/Platforms/iPhoneOS.platform/Developer/SDKs/iPhoneOS8.0.sdk -Wl,-headerpad_max_install_names   CMakeFiles/cmTC_139b4.dir/LONG.c.o  -o cmTC_139b4  


