The target system is: Darwin -  - x86_64
The host system is: Darwin - 14.4.0 - x86_64
Determining if files pthread.h exist passed with the following output:
Change Dir: /Users/husseinalzandvirtual/linphone-iphone/WORK/ios-x86_64/Build/ms2/CMakeFiles/CMakeTmp

Run Build Command:"/usr/bin/make" "cmTC_dc2fb/fast"
/Applications/Xcode.app/Contents/Developer/usr/bin/make -f CMakeFiles/cmTC_dc2fb.dir/build.make CMakeFiles/cmTC_dc2fb.dir/build
Building C object CMakeFiles/cmTC_dc2fb.dir/CheckIncludeFiles.c.o
/Users/husseinalzandvirtual/linphone-iphone/WORK/ios-x86_64/Build/ms2/x86_64-apple-darwin-clang   -arch x86_64 -mios-simulator-version-min=6.0 -DTARGET_OS_IPHONE=1 -D__IOS -fms-extensions -Dasm=__asm -arch x86_64 -mios-simulator-version-min=6.0 -DTARGET_OS_IPHONE=1 -D__IOS -fms-extensions  -isysroot /Applications/Xcode.app/Contents/Developer/Platforms/iPhoneSimulator.platform/Developer/SDKs/iPhoneSimulator8.0.sdk   -o CMakeFiles/cmTC_dc2fb.dir/CheckIncludeFiles.c.o   -c /Users/husseinalzandvirtual/linphone-iphone/WORK/ios-x86_64/Build/ms2/CMakeFiles/CMakeTmp/CheckIncludeFiles.c
Linking C executable cmTC_dc2fb
/usr/local/Cellar/cmake/3.3.2/bin/cmake -E cmake_link_script CMakeFiles/cmTC_dc2fb.dir/link.txt --verbose=1
/Users/husseinalzandvirtual/linphone-iphone/WORK/ios-x86_64/Build/ms2/x86_64-apple-darwin-clang   -arch x86_64 -mios-simulator-version-min=6.0 -DTARGET_OS_IPHONE=1 -D__IOS -fms-extensions -Dasm=__asm -arch x86_64 -mios-simulator-version-min=6.0 -DTARGET_OS_IPHONE=1 -D__IOS -fms-extensions  -isysroot /Applications/Xcode.app/Contents/Developer/Platforms/iPhoneSimulator.platform/Developer/SDKs/iPhoneSimulator8.0.sdk -Wl,-headerpad_max_install_names   CMakeFiles/cmTC_dc2fb.dir/CheckIncludeFiles.c.o  -o cmTC_dc2fb  


Determining if the pthread_create exist passed with the following output:
Change Dir: /Users/husseinalzandvirtual/linphone-iphone/WORK/ios-x86_64/Build/ms2/CMakeFiles/CMakeTmp

Run Build Command:"/usr/bin/make" "cmTC_66a6a/fast"
/Applications/Xcode.app/Contents/Developer/usr/bin/make -f CMakeFiles/cmTC_66a6a.dir/build.make CMakeFiles/cmTC_66a6a.dir/build
Building C object CMakeFiles/cmTC_66a6a.dir/CheckSymbolExists.c.o
/Users/husseinalzandvirtual/linphone-iphone/WORK/ios-x86_64/Build/ms2/x86_64-apple-darwin-clang   -arch x86_64 -mios-simulator-version-min=6.0 -DTARGET_OS_IPHONE=1 -D__IOS -fms-extensions -Dasm=__asm -arch x86_64 -mios-simulator-version-min=6.0 -DTARGET_OS_IPHONE=1 -D__IOS -fms-extensions  -isysroot /Applications/Xcode.app/Contents/Developer/Platforms/iPhoneSimulator.platform/Developer/SDKs/iPhoneSimulator8.0.sdk   -o CMakeFiles/cmTC_66a6a.dir/CheckSymbolExists.c.o   -c /Users/husseinalzandvirtual/linphone-iphone/WORK/ios-x86_64/Build/ms2/CMakeFiles/CMakeTmp/CheckSymbolExists.c
Linking C executable cmTC_66a6a
/usr/local/Cellar/cmake/3.3.2/bin/cmake -E cmake_link_script CMakeFiles/cmTC_66a6a.dir/link.txt --verbose=1
/Users/husseinalzandvirtual/linphone-iphone/WORK/ios-x86_64/Build/ms2/x86_64-apple-darwin-clang   -arch x86_64 -mios-simulator-version-min=6.0 -DTARGET_OS_IPHONE=1 -D__IOS -fms-extensions -Dasm=__asm -arch x86_64 -mios-simulator-version-min=6.0 -DTARGET_OS_IPHONE=1 -D__IOS -fms-extensions  -isysroot /Applications/Xcode.app/Contents/Developer/Platforms/iPhoneSimulator.platform/Developer/SDKs/iPhoneSimulator8.0.sdk -Wl,-headerpad_max_install_names   CMakeFiles/cmTC_66a6a.dir/CheckSymbolExists.c.o  -o cmTC_66a6a  

File /Users/husseinalzandvirtual/linphone-iphone/WORK/ios-x86_64/Build/ms2/CMakeFiles/CMakeTmp/CheckSymbolExists.c:
/* */
#include <pthread.h>

int main(int argc, char** argv)
{
  (void)argv;
#ifndef pthread_create
  return ((int*)(&pthread_create))[argc];
#else
  (void)argc;
  return 0;
#endif
}

Determining if the include file sys/shm.h exists passed with the following output:
Change Dir: /Users/husseinalzandvirtual/linphone-iphone/WORK/ios-x86_64/Build/ms2/CMakeFiles/CMakeTmp

Run Build Command:"/usr/bin/make" "cmTC_73172/fast"
/Applications/Xcode.app/Contents/Developer/usr/bin/make -f CMakeFiles/cmTC_73172.dir/build.make CMakeFiles/cmTC_73172.dir/build
Building C object CMakeFiles/cmTC_73172.dir/CheckIncludeFile.c.o
/Users/husseinalzandvirtual/linphone-iphone/WORK/ios-x86_64/Build/ms2/x86_64-apple-darwin-clang   -arch x86_64 -mios-simulator-version-min=6.0 -DTARGET_OS_IPHONE=1 -D__IOS -fms-extensions -Dasm=__asm -arch x86_64 -mios-simulator-version-min=6.0 -DTARGET_OS_IPHONE=1 -D__IOS -fms-extensions  -isysroot /Applications/Xcode.app/Contents/Developer/Platforms/iPhoneSimulator.platform/Developer/SDKs/iPhoneSimulator8.0.sdk   -o CMakeFiles/cmTC_73172.dir/CheckIncludeFile.c.o   -c /Users/husseinalzandvirtual/linphone-iphone/WORK/ios-x86_64/Build/ms2/CMakeFiles/CMakeTmp/CheckIncludeFile.c
Linking C executable cmTC_73172
/usr/local/Cellar/cmake/3.3.2/bin/cmake -E cmake_link_script CMakeFiles/cmTC_73172.dir/link.txt --verbose=1
/Users/husseinalzandvirtual/linphone-iphone/WORK/ios-x86_64/Build/ms2/x86_64-apple-darwin-clang   -arch x86_64 -mios-simulator-version-min=6.0 -DTARGET_OS_IPHONE=1 -D__IOS -fms-extensions -Dasm=__asm -arch x86_64 -mios-simulator-version-min=6.0 -DTARGET_OS_IPHONE=1 -D__IOS -fms-extensions  -isysroot /Applications/Xcode.app/Contents/Developer/Platforms/iPhoneSimulator.platform/Developer/SDKs/iPhoneSimulator8.0.sdk -Wl,-headerpad_max_install_names   CMakeFiles/cmTC_73172.dir/CheckIncludeFile.c.o  -o cmTC_73172  


Determining if the include file alloca.h exists passed with the following output:
Change Dir: /Users/husseinalzandvirtual/linphone-iphone/WORK/ios-x86_64/Build/ms2/CMakeFiles/CMakeTmp

Run Build Command:"/usr/bin/make" "cmTC_924b2/fast"
/Applications/Xcode.app/Contents/Developer/usr/bin/make -f CMakeFiles/cmTC_924b2.dir/build.make CMakeFiles/cmTC_924b2.dir/build
Building C object CMakeFiles/cmTC_924b2.dir/CheckIncludeFile.c.o
/Users/husseinalzandvirtual/linphone-iphone/WORK/ios-x86_64/Build/ms2/x86_64-apple-darwin-clang   -arch x86_64 -mios-simulator-version-min=6.0 -DTARGET_OS_IPHONE=1 -D__IOS -fms-extensions -Dasm=__asm -arch x86_64 -mios-simulator-version-min=6.0 -DTARGET_OS_IPHONE=1 -D__IOS -fms-extensions  -isysroot /Applications/Xcode.app/Contents/Developer/Platforms/iPhoneSimulator.platform/Developer/SDKs/iPhoneSimulator8.0.sdk   -o CMakeFiles/cmTC_924b2.dir/CheckIncludeFile.c.o   -c /Users/husseinalzandvirtual/linphone-iphone/WORK/ios-x86_64/Build/ms2/CMakeFiles/CMakeTmp/CheckIncludeFile.c
Linking C executable cmTC_924b2
/usr/local/Cellar/cmake/3.3.2/bin/cmake -E cmake_link_script CMakeFiles/cmTC_924b2.dir/link.txt --verbose=1
/Users/husseinalzandvirtual/linphone-iphone/WORK/ios-x86_64/Build/ms2/x86_64-apple-darwin-clang   -arch x86_64 -mios-simulator-version-min=6.0 -DTARGET_OS_IPHONE=1 -D__IOS -fms-extensions -Dasm=__asm -arch x86_64 -mios-simulator-version-min=6.0 -DTARGET_OS_IPHONE=1 -D__IOS -fms-extensions  -isysroot /Applications/Xcode.app/Contents/Developer/Platforms/iPhoneSimulator.platform/Developer/SDKs/iPhoneSimulator8.0.sdk -Wl,-headerpad_max_install_names   CMakeFiles/cmTC_924b2.dir/CheckIncludeFile.c.o  -o cmTC_924b2  


Determining if the function dlopen exists in the dl passed with the following output:
Change Dir: /Users/husseinalzandvirtual/linphone-iphone/WORK/ios-x86_64/Build/ms2/CMakeFiles/CMakeTmp

Run Build Command:"/usr/bin/make" "cmTC_73643/fast"
/Applications/Xcode.app/Contents/Developer/usr/bin/make -f CMakeFiles/cmTC_73643.dir/build.make CMakeFiles/cmTC_73643.dir/build
Building C object CMakeFiles/cmTC_73643.dir/CheckFunctionExists.c.o
/Users/husseinalzandvirtual/linphone-iphone/WORK/ios-x86_64/Build/ms2/x86_64-apple-darwin-clang   -arch x86_64 -mios-simulator-version-min=6.0 -DTARGET_OS_IPHONE=1 -D__IOS -fms-extensions -Dasm=__asm -arch x86_64 -mios-simulator-version-min=6.0 -DTARGET_OS_IPHONE=1 -D__IOS -fms-extensions -DCHECK_FUNCTION_EXISTS=dlopen -isysroot /Applications/Xcode.app/Contents/Developer/Platforms/iPhoneSimulator.platform/Developer/SDKs/iPhoneSimulator8.0.sdk   -o CMakeFiles/cmTC_73643.dir/CheckFunctionExists.c.o   -c /usr/local/Cellar/cmake/3.3.2/share/cmake/Modules/CheckFunctionExists.c
Linking C executable cmTC_73643
/usr/local/Cellar/cmake/3.3.2/bin/cmake -E cmake_link_script CMakeFiles/cmTC_73643.dir/link.txt --verbose=1
/Users/husseinalzandvirtual/linphone-iphone/WORK/ios-x86_64/Build/ms2/x86_64-apple-darwin-clang   -arch x86_64 -mios-simulator-version-min=6.0 -DTARGET_OS_IPHONE=1 -D__IOS -fms-extensions -Dasm=__asm -arch x86_64 -mios-simulator-version-min=6.0 -DTARGET_OS_IPHONE=1 -D__IOS -fms-extensions -DCHECK_FUNCTION_EXISTS=dlopen -isysroot /Applications/Xcode.app/Contents/Developer/Platforms/iPhoneSimulator.platform/Developer/SDKs/iPhoneSimulator8.0.sdk -Wl,-headerpad_max_install_names   CMakeFiles/cmTC_73643.dir/CheckFunctionExists.c.o  -o cmTC_73643  -ldl 


Determining if the include file sys/types.h exists passed with the following output:
Change Dir: /Users/husseinalzandvirtual/linphone-iphone/WORK/ios-x86_64/Build/ms2/CMakeFiles/CMakeTmp

Run Build Command:"/usr/bin/make" "cmTC_0d31d/fast"
/Applications/Xcode.app/Contents/Developer/usr/bin/make -f CMakeFiles/cmTC_0d31d.dir/build.make CMakeFiles/cmTC_0d31d.dir/build
Building C object CMakeFiles/cmTC_0d31d.dir/CheckIncludeFile.c.o
/Users/husseinalzandvirtual/linphone-iphone/WORK/ios-x86_64/Build/ms2/x86_64-apple-darwin-clang   -arch x86_64 -mios-simulator-version-min=6.0 -DTARGET_OS_IPHONE=1 -D__IOS -fms-extensions -Dasm=__asm -arch x86_64 -mios-simulator-version-min=6.0 -DTARGET_OS_IPHONE=1 -D__IOS -fms-extensions  -isysroot /Applications/Xcode.app/Contents/Developer/Platforms/iPhoneSimulator.platform/Developer/SDKs/iPhoneSimulator8.0.sdk   -o CMakeFiles/cmTC_0d31d.dir/CheckIncludeFile.c.o   -c /Users/husseinalzandvirtual/linphone-iphone/WORK/ios-x86_64/Build/ms2/CMakeFiles/CMakeTmp/CheckIncludeFile.c
Linking C executable cmTC_0d31d
/usr/local/Cellar/cmake/3.3.2/bin/cmake -E cmake_link_script CMakeFiles/cmTC_0d31d.dir/link.txt --verbose=1
/Users/husseinalzandvirtual/linphone-iphone/WORK/ios-x86_64/Build/ms2/x86_64-apple-darwin-clang   -arch x86_64 -mios-simulator-version-min=6.0 -DTARGET_OS_IPHONE=1 -D__IOS -fms-extensions -Dasm=__asm -arch x86_64 -mios-simulator-version-min=6.0 -DTARGET_OS_IPHONE=1 -D__IOS -fms-extensions  -isysroot /Applications/Xcode.app/Contents/Developer/Platforms/iPhoneSimulator.platform/Developer/SDKs/iPhoneSimulator8.0.sdk -Wl,-headerpad_max_install_names   CMakeFiles/cmTC_0d31d.dir/CheckIncludeFile.c.o  -o cmTC_0d31d  


Determining if the include file stdint.h exists passed with the following output:
Change Dir: /Users/husseinalzandvirtual/linphone-iphone/WORK/ios-x86_64/Build/ms2/CMakeFiles/CMakeTmp

Run Build Command:"/usr/bin/make" "cmTC_39a41/fast"
/Applications/Xcode.app/Contents/Developer/usr/bin/make -f CMakeFiles/cmTC_39a41.dir/build.make CMakeFiles/cmTC_39a41.dir/build
Building C object CMakeFiles/cmTC_39a41.dir/CheckIncludeFile.c.o
/Users/husseinalzandvirtual/linphone-iphone/WORK/ios-x86_64/Build/ms2/x86_64-apple-darwin-clang   -arch x86_64 -mios-simulator-version-min=6.0 -DTARGET_OS_IPHONE=1 -D__IOS -fms-extensions -Dasm=__asm -arch x86_64 -mios-simulator-version-min=6.0 -DTARGET_OS_IPHONE=1 -D__IOS -fms-extensions  -isysroot /Applications/Xcode.app/Contents/Developer/Platforms/iPhoneSimulator.platform/Developer/SDKs/iPhoneSimulator8.0.sdk   -o CMakeFiles/cmTC_39a41.dir/CheckIncludeFile.c.o   -c /Users/husseinalzandvirtual/linphone-iphone/WORK/ios-x86_64/Build/ms2/CMakeFiles/CMakeTmp/CheckIncludeFile.c
Linking C executable cmTC_39a41
/usr/local/Cellar/cmake/3.3.2/bin/cmake -E cmake_link_script CMakeFiles/cmTC_39a41.dir/link.txt --verbose=1
/Users/husseinalzandvirtual/linphone-iphone/WORK/ios-x86_64/Build/ms2/x86_64-apple-darwin-clang   -arch x86_64 -mios-simulator-version-min=6.0 -DTARGET_OS_IPHONE=1 -D__IOS -fms-extensions -Dasm=__asm -arch x86_64 -mios-simulator-version-min=6.0 -DTARGET_OS_IPHONE=1 -D__IOS -fms-extensions  -isysroot /Applications/Xcode.app/Contents/Developer/Platforms/iPhoneSimulator.platform/Developer/SDKs/iPhoneSimulator8.0.sdk -Wl,-headerpad_max_install_names   CMakeFiles/cmTC_39a41.dir/CheckIncludeFile.c.o  -o cmTC_39a41  


Determining if the include file stddef.h exists passed with the following output:
Change Dir: /Users/husseinalzandvirtual/linphone-iphone/WORK/ios-x86_64/Build/ms2/CMakeFiles/CMakeTmp

Run Build Command:"/usr/bin/make" "cmTC_ff8ac/fast"
/Applications/Xcode.app/Contents/Developer/usr/bin/make -f CMakeFiles/cmTC_ff8ac.dir/build.make CMakeFiles/cmTC_ff8ac.dir/build
Building C object CMakeFiles/cmTC_ff8ac.dir/CheckIncludeFile.c.o
/Users/husseinalzandvirtual/linphone-iphone/WORK/ios-x86_64/Build/ms2/x86_64-apple-darwin-clang   -arch x86_64 -mios-simulator-version-min=6.0 -DTARGET_OS_IPHONE=1 -D__IOS -fms-extensions -Dasm=__asm -arch x86_64 -mios-simulator-version-min=6.0 -DTARGET_OS_IPHONE=1 -D__IOS -fms-extensions  -isysroot /Applications/Xcode.app/Contents/Developer/Platforms/iPhoneSimulator.platform/Developer/SDKs/iPhoneSimulator8.0.sdk   -o CMakeFiles/cmTC_ff8ac.dir/CheckIncludeFile.c.o   -c /Users/husseinalzandvirtual/linphone-iphone/WORK/ios-x86_64/Build/ms2/CMakeFiles/CMakeTmp/CheckIncludeFile.c
Linking C executable cmTC_ff8ac
/usr/local/Cellar/cmake/3.3.2/bin/cmake -E cmake_link_script CMakeFiles/cmTC_ff8ac.dir/link.txt --verbose=1
/Users/husseinalzandvirtual/linphone-iphone/WORK/ios-x86_64/Build/ms2/x86_64-apple-darwin-clang   -arch x86_64 -mios-simulator-version-min=6.0 -DTARGET_OS_IPHONE=1 -D__IOS -fms-extensions -Dasm=__asm -arch x86_64 -mios-simulator-version-min=6.0 -DTARGET_OS_IPHONE=1 -D__IOS -fms-extensions  -isysroot /Applications/Xcode.app/Contents/Developer/Platforms/iPhoneSimulator.platform/Developer/SDKs/iPhoneSimulator8.0.sdk -Wl,-headerpad_max_install_names   CMakeFiles/cmTC_ff8ac.dir/CheckIncludeFile.c.o  -o cmTC_ff8ac  


Determining size of unsigned short passed with the following output:
Change Dir: /Users/husseinalzandvirtual/linphone-iphone/WORK/ios-x86_64/Build/ms2/CMakeFiles/CMakeTmp

Run Build Command:"/usr/bin/make" "cmTC_e2be7/fast"
/Applications/Xcode.app/Contents/Developer/usr/bin/make -f CMakeFiles/cmTC_e2be7.dir/build.make CMakeFiles/cmTC_e2be7.dir/build
Building C object CMakeFiles/cmTC_e2be7.dir/CMAKE_SIZEOF_UNSIGNED_SHORT.c.o
/Users/husseinalzandvirtual/linphone-iphone/WORK/ios-x86_64/Build/ms2/x86_64-apple-darwin-clang   -arch x86_64 -mios-simulator-version-min=6.0 -DTARGET_OS_IPHONE=1 -D__IOS -fms-extensions -Dasm=__asm -arch x86_64 -mios-simulator-version-min=6.0 -DTARGET_OS_IPHONE=1 -D__IOS -fms-extensions  -isysroot /Applications/Xcode.app/Contents/Developer/Platforms/iPhoneSimulator.platform/Developer/SDKs/iPhoneSimulator8.0.sdk   -o CMakeFiles/cmTC_e2be7.dir/CMAKE_SIZEOF_UNSIGNED_SHORT.c.o   -c /Users/husseinalzandvirtual/linphone-iphone/WORK/ios-x86_64/Build/ms2/CMakeFiles/CheckTypeSize/CMAKE_SIZEOF_UNSIGNED_SHORT.c
Linking C executable cmTC_e2be7
/usr/local/Cellar/cmake/3.3.2/bin/cmake -E cmake_link_script CMakeFiles/cmTC_e2be7.dir/link.txt --verbose=1
/Users/husseinalzandvirtual/linphone-iphone/WORK/ios-x86_64/Build/ms2/x86_64-apple-darwin-clang   -arch x86_64 -mios-simulator-version-min=6.0 -DTARGET_OS_IPHONE=1 -D__IOS -fms-extensions -Dasm=__asm -arch x86_64 -mios-simulator-version-min=6.0 -DTARGET_OS_IPHONE=1 -D__IOS -fms-extensions  -isysroot /Applications/Xcode.app/Contents/Developer/Platforms/iPhoneSimulator.platform/Developer/SDKs/iPhoneSimulator8.0.sdk -Wl,-headerpad_max_install_names   CMakeFiles/cmTC_e2be7.dir/CMAKE_SIZEOF_UNSIGNED_SHORT.c.o  -o cmTC_e2be7  


Performing C SOURCE FILE Test X509PARSE_CRTPATH_OK succeded with the following output:
Change Dir: /Users/husseinalzandvirtual/linphone-iphone/WORK/ios-x86_64/Build/ms2/CMakeFiles/CMakeTmp

Run Build Command:"/usr/bin/make" "cmTC_62fb1/fast"
/Applications/Xcode.app/Contents/Developer/usr/bin/make -f CMakeFiles/cmTC_62fb1.dir/build.make CMakeFiles/cmTC_62fb1.dir/build
Building C object CMakeFiles/cmTC_62fb1.dir/src.c.o
/Users/husseinalzandvirtual/linphone-iphone/WORK/ios-x86_64/Build/ms2/x86_64-apple-darwin-clang   -arch x86_64 -mios-simulator-version-min=6.0 -DTARGET_OS_IPHONE=1 -D__IOS -fms-extensions -Dasm=__asm -arch x86_64 -mios-simulator-version-min=6.0 -DTARGET_OS_IPHONE=1 -D__IOS -fms-extensions -DX509PARSE_CRTPATH_OK -isysroot /Applications/Xcode.app/Contents/Developer/Platforms/iPhoneSimulator.platform/Developer/SDKs/iPhoneSimulator8.0.sdk -I/Users/husseinalzandvirtual/linphone-iphone/liblinphone-sdk/x86_64-apple-darwin.ios/include    -o CMakeFiles/cmTC_62fb1.dir/src.c.o   -c /Users/husseinalzandvirtual/linphone-iphone/WORK/ios-x86_64/Build/ms2/CMakeFiles/CMakeTmp/src.c
In file included from /Users/husseinalzandvirtual/linphone-iphone/WORK/ios-x86_64/Build/ms2/CMakeFiles/CMakeTmp/src.c:4:
/Users/husseinalzandvirtual/linphone-iphone/liblinphone-sdk/x86_64-apple-darwin.ios/include/polarssl/compat-1.2.h:53:2: warning: "You can disable these warnings by commenting SHOW_PROTOTYPE_CHANGE_WARNINGS in compat-1.2.h" [-W#warnings]
#warning "You can disable these warnings by commenting SHOW_PROTOTYPE_CHANGE_WARNINGS in compat-1.2.h"
 ^
/Users/husseinalzandvirtual/linphone-iphone/liblinphone-sdk/x86_64-apple-darwin.ios/include/polarssl/compat-1.2.h:156:2: warning: "cipher_reset() prototype changed. Manual change required if used" [-W#warnings]
#warning "cipher_reset() prototype changed. Manual change required if used"
 ^
/Users/husseinalzandvirtual/linphone-iphone/liblinphone-sdk/x86_64-apple-darwin.ios/include/polarssl/compat-1.2.h:171:2: warning: "rsa_pkcs1_verify() prototype changed. Manual change required if used" [-W#warnings]
#warning "rsa_pkcs1_verify() prototype changed. Manual change required if used"
 ^
/Users/husseinalzandvirtual/linphone-iphone/liblinphone-sdk/x86_64-apple-darwin.ios/include/polarssl/compat-1.2.h:172:2: warning: "rsa_pkcs1_decrypt() prototype changed. Manual change required if used" [-W#warnings]
#warning "rsa_pkcs1_decrypt() prototype changed. Manual change required if used"
 ^
/Users/husseinalzandvirtual/linphone-iphone/liblinphone-sdk/x86_64-apple-darwin.ios/include/polarssl/compat-1.2.h:178:2: warning: "dhm_calc_secret() prototype changed. Manual change required if used" [-W#warnings]
#warning "dhm_calc_secret() prototype changed. Manual change required if used"
 ^
/Users/husseinalzandvirtual/linphone-iphone/liblinphone-sdk/x86_64-apple-darwin.ios/include/polarssl/compat-1.2.h:184:2: warning: "gcm_init() prototype changed. Manual change required if used" [-W#warnings]
#warning "gcm_init() prototype changed. Manual change required if used"
 ^
/Users/husseinalzandvirtual/linphone-iphone/liblinphone-sdk/x86_64-apple-darwin.ios/include/polarssl/compat-1.2.h:190:2: warning: "ssl_set_own_cert() prototype changed. Change to ssl_set_own_cert_rsa(). Manual change required if used" [-W#warnings]
#warning "ssl_set_own_cert() prototype changed. Change to ssl_set_own_cert_rsa(). Manual change required if used"
 ^
7 warnings generated.
Linking C executable cmTC_62fb1
/usr/local/Cellar/cmake/3.3.2/bin/cmake -E cmake_link_script CMakeFiles/cmTC_62fb1.dir/link.txt --verbose=1
/Users/husseinalzandvirtual/linphone-iphone/WORK/ios-x86_64/Build/ms2/x86_64-apple-darwin-clang   -arch x86_64 -mios-simulator-version-min=6.0 -DTARGET_OS_IPHONE=1 -D__IOS -fms-extensions -Dasm=__asm -arch x86_64 -mios-simulator-version-min=6.0 -DTARGET_OS_IPHONE=1 -D__IOS -fms-extensions -DX509PARSE_CRTPATH_OK -isysroot /Applications/Xcode.app/Contents/Developer/Platforms/iPhoneSimulator.platform/Developer/SDKs/iPhoneSimulator8.0.sdk -Wl,-headerpad_max_install_names   CMakeFiles/cmTC_62fb1.dir/src.c.o  -o cmTC_62fb1  /Users/husseinalzandvirtual/linphone-iphone/liblinphone-sdk/x86_64-apple-darwin.ios/lib/libpolarssl.a 

Source file was:
#include <polarssl/version.h>
#include <polarssl/x509.h>
#if POLARSSL_VERSION_NUMBER >= 0x01030000
#include <polarssl/compat-1.2.h>
#endif
int main(int argc, char *argv[]) {
x509parse_crtpath(0,0);
return 0;
}
Determining if the ssl_get_dtls_srtp_protection_profile exist passed with the following output:
Change Dir: /Users/husseinalzandvirtual/linphone-iphone/WORK/ios-x86_64/Build/ms2/CMakeFiles/CMakeTmp

Run Build Command:"/usr/bin/make" "cmTC_471a5/fast"
/Applications/Xcode.app/Contents/Developer/usr/bin/make -f CMakeFiles/cmTC_471a5.dir/build.make CMakeFiles/cmTC_471a5.dir/build
Building C object CMakeFiles/cmTC_471a5.dir/CheckSymbolExists.c.o
/Users/husseinalzandvirtual/linphone-iphone/WORK/ios-x86_64/Build/ms2/x86_64-apple-darwin-clang   -arch x86_64 -mios-simulator-version-min=6.0 -DTARGET_OS_IPHONE=1 -D__IOS -fms-extensions -Dasm=__asm -arch x86_64 -mios-simulator-version-min=6.0 -DTARGET_OS_IPHONE=1 -D__IOS -fms-extensions  -isysroot /Applications/Xcode.app/Contents/Developer/Platforms/iPhoneSimulator.platform/Developer/SDKs/iPhoneSimulator8.0.sdk -I/Users/husseinalzandvirtual/linphone-iphone/liblinphone-sdk/x86_64-apple-darwin.ios/include    -o CMakeFiles/cmTC_471a5.dir/CheckSymbolExists.c.o   -c /Users/husseinalzandvirtual/linphone-iphone/WORK/ios-x86_64/Build/ms2/CMakeFiles/CMakeTmp/CheckSymbolExists.c
Linking C executable cmTC_471a5
/usr/local/Cellar/cmake/3.3.2/bin/cmake -E cmake_link_script CMakeFiles/cmTC_471a5.dir/link.txt --verbose=1
/Users/husseinalzandvirtual/linphone-iphone/WORK/ios-x86_64/Build/ms2/x86_64-apple-darwin-clang   -arch x86_64 -mios-simulator-version-min=6.0 -DTARGET_OS_IPHONE=1 -D__IOS -fms-extensions -Dasm=__asm -arch x86_64 -mios-simulator-version-min=6.0 -DTARGET_OS_IPHONE=1 -D__IOS -fms-extensions  -isysroot /Applications/Xcode.app/Contents/Developer/Platforms/iPhoneSimulator.platform/Developer/SDKs/iPhoneSimulator8.0.sdk -Wl,-headerpad_max_install_names   CMakeFiles/cmTC_471a5.dir/CheckSymbolExists.c.o  -o cmTC_471a5  /Users/husseinalzandvirtual/linphone-iphone/liblinphone-sdk/x86_64-apple-darwin.ios/lib/libpolarssl.a 

File /Users/husseinalzandvirtual/linphone-iphone/WORK/ios-x86_64/Build/ms2/CMakeFiles/CMakeTmp/CheckSymbolExists.c:
/* */
#include <polarssl/ssl.h>

int main(int argc, char** argv)
{
  (void)argv;
#ifndef ssl_get_dtls_srtp_protection_profile
  return ((int*)(&ssl_get_dtls_srtp_protection_profile))[argc];
#else
  (void)argc;
  return 0;
#endif
}

Determining if the avcodec_get_context_defaults3 exist passed with the following output:
Change Dir: /Users/husseinalzandvirtual/linphone-iphone/WORK/ios-x86_64/Build/ms2/CMakeFiles/CMakeTmp

Run Build Command:"/usr/bin/make" "cmTC_38265/fast"
/Applications/Xcode.app/Contents/Developer/usr/bin/make -f CMakeFiles/cmTC_38265.dir/build.make CMakeFiles/cmTC_38265.dir/build
Building C object CMakeFiles/cmTC_38265.dir/CheckSymbolExists.c.o
/Users/husseinalzandvirtual/linphone-iphone/WORK/ios-x86_64/Build/ms2/x86_64-apple-darwin-clang   -arch x86_64 -mios-simulator-version-min=6.0 -DTARGET_OS_IPHONE=1 -D__IOS -fms-extensions -Dasm=__asm -arch x86_64 -mios-simulator-version-min=6.0 -DTARGET_OS_IPHONE=1 -D__IOS -fms-extensions  -isysroot /Applications/Xcode.app/Contents/Developer/Platforms/iPhoneSimulator.platform/Developer/SDKs/iPhoneSimulator8.0.sdk -I/Users/husseinalzandvirtual/linphone-iphone/liblinphone-sdk/x86_64-apple-darwin.ios/include    -o CMakeFiles/cmTC_38265.dir/CheckSymbolExists.c.o   -c /Users/husseinalzandvirtual/linphone-iphone/WORK/ios-x86_64/Build/ms2/CMakeFiles/CMakeTmp/CheckSymbolExists.c
Linking C executable cmTC_38265
/usr/local/Cellar/cmake/3.3.2/bin/cmake -E cmake_link_script CMakeFiles/cmTC_38265.dir/link.txt --verbose=1
/Users/husseinalzandvirtual/linphone-iphone/WORK/ios-x86_64/Build/ms2/x86_64-apple-darwin-clang   -arch x86_64 -mios-simulator-version-min=6.0 -DTARGET_OS_IPHONE=1 -D__IOS -fms-extensions -Dasm=__asm -arch x86_64 -mios-simulator-version-min=6.0 -DTARGET_OS_IPHONE=1 -D__IOS -fms-extensions  -isysroot /Applications/Xcode.app/Contents/Developer/Platforms/iPhoneSimulator.platform/Developer/SDKs/iPhoneSimulator8.0.sdk -Wl,-headerpad_max_install_names   CMakeFiles/cmTC_38265.dir/CheckSymbolExists.c.o  -o cmTC_38265  /Users/husseinalzandvirtual/linphone-iphone/liblinphone-sdk/x86_64-apple-darwin.ios/lib/libavcodec.a /Users/husseinalzandvirtual/linphone-iphone/liblinphone-sdk/x86_64-apple-darwin.ios/lib/libavutil.a /Users/husseinalzandvirtual/linphone-iphone/liblinphone-sdk/x86_64-apple-darwin.ios/lib/libswscale.a 

File /Users/husseinalzandvirtual/linphone-iphone/WORK/ios-x86_64/Build/ms2/CMakeFiles/CMakeTmp/CheckSymbolExists.c:
/* */
#include <libavcodec/avcodec.h>

int main(int argc, char** argv)
{
  (void)argv;
#ifndef avcodec_get_context_defaults3
  return ((int*)(&avcodec_get_context_defaults3))[argc];
#else
  (void)argc;
  return 0;
#endif
}

Determining if the avcodec_open2 exist passed with the following output:
Change Dir: /Users/husseinalzandvirtual/linphone-iphone/WORK/ios-x86_64/Build/ms2/CMakeFiles/CMakeTmp

Run Build Command:"/usr/bin/make" "cmTC_b7a7e/fast"
/Applications/Xcode.app/Contents/Developer/usr/bin/make -f CMakeFiles/cmTC_b7a7e.dir/build.make CMakeFiles/cmTC_b7a7e.dir/build
Building C object CMakeFiles/cmTC_b7a7e.dir/CheckSymbolExists.c.o
/Users/husseinalzandvirtual/linphone-iphone/WORK/ios-x86_64/Build/ms2/x86_64-apple-darwin-clang   -arch x86_64 -mios-simulator-version-min=6.0 -DTARGET_OS_IPHONE=1 -D__IOS -fms-extensions -Dasm=__asm -arch x86_64 -mios-simulator-version-min=6.0 -DTARGET_OS_IPHONE=1 -D__IOS -fms-extensions  -isysroot /Applications/Xcode.app/Contents/Developer/Platforms/iPhoneSimulator.platform/Developer/SDKs/iPhoneSimulator8.0.sdk -I/Users/husseinalzandvirtual/linphone-iphone/liblinphone-sdk/x86_64-apple-darwin.ios/include    -o CMakeFiles/cmTC_b7a7e.dir/CheckSymbolExists.c.o   -c /Users/husseinalzandvirtual/linphone-iphone/WORK/ios-x86_64/Build/ms2/CMakeFiles/CMakeTmp/CheckSymbolExists.c
Linking C executable cmTC_b7a7e
/usr/local/Cellar/cmake/3.3.2/bin/cmake -E cmake_link_script CMakeFiles/cmTC_b7a7e.dir/link.txt --verbose=1
/Users/husseinalzandvirtual/linphone-iphone/WORK/ios-x86_64/Build/ms2/x86_64-apple-darwin-clang   -arch x86_64 -mios-simulator-version-min=6.0 -DTARGET_OS_IPHONE=1 -D__IOS -fms-extensions -Dasm=__asm -arch x86_64 -mios-simulator-version-min=6.0 -DTARGET_OS_IPHONE=1 -D__IOS -fms-extensions  -isysroot /Applications/Xcode.app/Contents/Developer/Platforms/iPhoneSimulator.platform/Developer/SDKs/iPhoneSimulator8.0.sdk -Wl,-headerpad_max_install_names   CMakeFiles/cmTC_b7a7e.dir/CheckSymbolExists.c.o  -o cmTC_b7a7e  /Users/husseinalzandvirtual/linphone-iphone/liblinphone-sdk/x86_64-apple-darwin.ios/lib/libavcodec.a /Users/husseinalzandvirtual/linphone-iphone/liblinphone-sdk/x86_64-apple-darwin.ios/lib/libavutil.a /Users/husseinalzandvirtual/linphone-iphone/liblinphone-sdk/x86_64-apple-darwin.ios/lib/libswscale.a 

File /Users/husseinalzandvirtual/linphone-iphone/WORK/ios-x86_64/Build/ms2/CMakeFiles/CMakeTmp/CheckSymbolExists.c:
/* */
#include <libavcodec/avcodec.h>

int main(int argc, char** argv)
{
  (void)argv;
#ifndef avcodec_open2
  return ((int*)(&avcodec_open2))[argc];
#else
  (void)argc;
  return 0;
#endif
}

Determining if the avcodec_encode_video2 exist passed with the following output:
Change Dir: /Users/husseinalzandvirtual/linphone-iphone/WORK/ios-x86_64/Build/ms2/CMakeFiles/CMakeTmp

Run Build Command:"/usr/bin/make" "cmTC_17469/fast"
/Applications/Xcode.app/Contents/Developer/usr/bin/make -f CMakeFiles/cmTC_17469.dir/build.make CMakeFiles/cmTC_17469.dir/build
Building C object CMakeFiles/cmTC_17469.dir/CheckSymbolExists.c.o
/Users/husseinalzandvirtual/linphone-iphone/WORK/ios-x86_64/Build/ms2/x86_64-apple-darwin-clang   -arch x86_64 -mios-simulator-version-min=6.0 -DTARGET_OS_IPHONE=1 -D__IOS -fms-extensions -Dasm=__asm -arch x86_64 -mios-simulator-version-min=6.0 -DTARGET_OS_IPHONE=1 -D__IOS -fms-extensions  -isysroot /Applications/Xcode.app/Contents/Developer/Platforms/iPhoneSimulator.platform/Developer/SDKs/iPhoneSimulator8.0.sdk -I/Users/husseinalzandvirtual/linphone-iphone/liblinphone-sdk/x86_64-apple-darwin.ios/include    -o CMakeFiles/cmTC_17469.dir/CheckSymbolExists.c.o   -c /Users/husseinalzandvirtual/linphone-iphone/WORK/ios-x86_64/Build/ms2/CMakeFiles/CMakeTmp/CheckSymbolExists.c
Linking C executable cmTC_17469
/usr/local/Cellar/cmake/3.3.2/bin/cmake -E cmake_link_script CMakeFiles/cmTC_17469.dir/link.txt --verbose=1
/Users/husseinalzandvirtual/linphone-iphone/WORK/ios-x86_64/Build/ms2/x86_64-apple-darwin-clang   -arch x86_64 -mios-simulator-version-min=6.0 -DTARGET_OS_IPHONE=1 -D__IOS -fms-extensions -Dasm=__asm -arch x86_64 -mios-simulator-version-min=6.0 -DTARGET_OS_IPHONE=1 -D__IOS -fms-extensions  -isysroot /Applications/Xcode.app/Contents/Developer/Platforms/iPhoneSimulator.platform/Developer/SDKs/iPhoneSimulator8.0.sdk -Wl,-headerpad_max_install_names   CMakeFiles/cmTC_17469.dir/CheckSymbolExists.c.o  -o cmTC_17469  /Users/husseinalzandvirtual/linphone-iphone/liblinphone-sdk/x86_64-apple-darwin.ios/lib/libavcodec.a /Users/husseinalzandvirtual/linphone-iphone/liblinphone-sdk/x86_64-apple-darwin.ios/lib/libavutil.a /Users/husseinalzandvirtual/linphone-iphone/liblinphone-sdk/x86_64-apple-darwin.ios/lib/libswscale.a 

File /Users/husseinalzandvirtual/linphone-iphone/WORK/ios-x86_64/Build/ms2/CMakeFiles/CMakeTmp/CheckSymbolExists.c:
/* */
#include <libavcodec/avcodec.h>

int main(int argc, char** argv)
{
  (void)argv;
#ifndef avcodec_encode_video2
  return ((int*)(&avcodec_encode_video2))[argc];
#else
  (void)argc;
  return 0;
#endif
}

Determining if the av_frame_alloc exist passed with the following output:
Change Dir: /Users/husseinalzandvirtual/linphone-iphone/WORK/ios-x86_64/Build/ms2/CMakeFiles/CMakeTmp

Run Build Command:"/usr/bin/make" "cmTC_5ed8e/fast"
/Applications/Xcode.app/Contents/Developer/usr/bin/make -f CMakeFiles/cmTC_5ed8e.dir/build.make CMakeFiles/cmTC_5ed8e.dir/build
Building C object CMakeFiles/cmTC_5ed8e.dir/CheckSymbolExists.c.o
/Users/husseinalzandvirtual/linphone-iphone/WORK/ios-x86_64/Build/ms2/x86_64-apple-darwin-clang   -arch x86_64 -mios-simulator-version-min=6.0 -DTARGET_OS_IPHONE=1 -D__IOS -fms-extensions -Dasm=__asm -arch x86_64 -mios-simulator-version-min=6.0 -DTARGET_OS_IPHONE=1 -D__IOS -fms-extensions  -isysroot /Applications/Xcode.app/Contents/Developer/Platforms/iPhoneSimulator.platform/Developer/SDKs/iPhoneSimulator8.0.sdk -I/Users/husseinalzandvirtual/linphone-iphone/liblinphone-sdk/x86_64-apple-darwin.ios/include    -o CMakeFiles/cmTC_5ed8e.dir/CheckSymbolExists.c.o   -c /Users/husseinalzandvirtual/linphone-iphone/WORK/ios-x86_64/Build/ms2/CMakeFiles/CMakeTmp/CheckSymbolExists.c
Linking C executable cmTC_5ed8e
/usr/local/Cellar/cmake/3.3.2/bin/cmake -E cmake_link_script CMakeFiles/cmTC_5ed8e.dir/link.txt --verbose=1
/Users/husseinalzandvirtual/linphone-iphone/WORK/ios-x86_64/Build/ms2/x86_64-apple-darwin-clang   -arch x86_64 -mios-simulator-version-min=6.0 -DTARGET_OS_IPHONE=1 -D__IOS -fms-extensions -Dasm=__asm -arch x86_64 -mios-simulator-version-min=6.0 -DTARGET_OS_IPHONE=1 -D__IOS -fms-extensions  -isysroot /Applications/Xcode.app/Contents/Developer/Platforms/iPhoneSimulator.platform/Developer/SDKs/iPhoneSimulator8.0.sdk -Wl,-headerpad_max_install_names   CMakeFiles/cmTC_5ed8e.dir/CheckSymbolExists.c.o  -o cmTC_5ed8e  /Users/husseinalzandvirtual/linphone-iphone/liblinphone-sdk/x86_64-apple-darwin.ios/lib/libavcodec.a /Users/husseinalzandvirtual/linphone-iphone/liblinphone-sdk/x86_64-apple-darwin.ios/lib/libavutil.a /Users/husseinalzandvirtual/linphone-iphone/liblinphone-sdk/x86_64-apple-darwin.ios/lib/libswscale.a 

File /Users/husseinalzandvirtual/linphone-iphone/WORK/ios-x86_64/Build/ms2/CMakeFiles/CMakeTmp/CheckSymbolExists.c:
/* */
#include <libavutil/avutil.h>
#include <libavutil/frame.h>

int main(int argc, char** argv)
{
  (void)argv;
#ifndef av_frame_alloc
  return ((int*)(&av_frame_alloc))[argc];
#else
  (void)argc;
  return 0;
#endif
}

Determining if the av_frame_free exist passed with the following output:
Change Dir: /Users/husseinalzandvirtual/linphone-iphone/WORK/ios-x86_64/Build/ms2/CMakeFiles/CMakeTmp

Run Build Command:"/usr/bin/make" "cmTC_386e0/fast"
/Applications/Xcode.app/Contents/Developer/usr/bin/make -f CMakeFiles/cmTC_386e0.dir/build.make CMakeFiles/cmTC_386e0.dir/build
Building C object CMakeFiles/cmTC_386e0.dir/CheckSymbolExists.c.o
/Users/husseinalzandvirtual/linphone-iphone/WORK/ios-x86_64/Build/ms2/x86_64-apple-darwin-clang   -arch x86_64 -mios-simulator-version-min=6.0 -DTARGET_OS_IPHONE=1 -D__IOS -fms-extensions -Dasm=__asm -arch x86_64 -mios-simulator-version-min=6.0 -DTARGET_OS_IPHONE=1 -D__IOS -fms-extensions  -isysroot /Applications/Xcode.app/Contents/Developer/Platforms/iPhoneSimulator.platform/Developer/SDKs/iPhoneSimulator8.0.sdk -I/Users/husseinalzandvirtual/linphone-iphone/liblinphone-sdk/x86_64-apple-darwin.ios/include    -o CMakeFiles/cmTC_386e0.dir/CheckSymbolExists.c.o   -c /Users/husseinalzandvirtual/linphone-iphone/WORK/ios-x86_64/Build/ms2/CMakeFiles/CMakeTmp/CheckSymbolExists.c
Linking C executable cmTC_386e0
/usr/local/Cellar/cmake/3.3.2/bin/cmake -E cmake_link_script CMakeFiles/cmTC_386e0.dir/link.txt --verbose=1
/Users/husseinalzandvirtual/linphone-iphone/WORK/ios-x86_64/Build/ms2/x86_64-apple-darwin-clang   -arch x86_64 -mios-simulator-version-min=6.0 -DTARGET_OS_IPHONE=1 -D__IOS -fms-extensions -Dasm=__asm -arch x86_64 -mios-simulator-version-min=6.0 -DTARGET_OS_IPHONE=1 -D__IOS -fms-extensions  -isysroot /Applications/Xcode.app/Contents/Developer/Platforms/iPhoneSimulator.platform/Developer/SDKs/iPhoneSimulator8.0.sdk -Wl,-headerpad_max_install_names   CMakeFiles/cmTC_386e0.dir/CheckSymbolExists.c.o  -o cmTC_386e0  /Users/husseinalzandvirtual/linphone-iphone/liblinphone-sdk/x86_64-apple-darwin.ios/lib/libavcodec.a /Users/husseinalzandvirtual/linphone-iphone/liblinphone-sdk/x86_64-apple-darwin.ios/lib/libavutil.a /Users/husseinalzandvirtual/linphone-iphone/liblinphone-sdk/x86_64-apple-darwin.ios/lib/libswscale.a 

File /Users/husseinalzandvirtual/linphone-iphone/WORK/ios-x86_64/Build/ms2/CMakeFiles/CMakeTmp/CheckSymbolExists.c:
/* */
#include <libavutil/avutil.h>
#include <libavutil/frame.h>

int main(int argc, char** argv)
{
  (void)argv;
#ifndef av_frame_free
  return ((int*)(&av_frame_free))[argc];
#else
  (void)argc;
  return 0;
#endif
}

Determining if the av_frame_unref exist passed with the following output:
Change Dir: /Users/husseinalzandvirtual/linphone-iphone/WORK/ios-x86_64/Build/ms2/CMakeFiles/CMakeTmp

Run Build Command:"/usr/bin/make" "cmTC_cf007/fast"
/Applications/Xcode.app/Contents/Developer/usr/bin/make -f CMakeFiles/cmTC_cf007.dir/build.make CMakeFiles/cmTC_cf007.dir/build
Building C object CMakeFiles/cmTC_cf007.dir/CheckSymbolExists.c.o
/Users/husseinalzandvirtual/linphone-iphone/WORK/ios-x86_64/Build/ms2/x86_64-apple-darwin-clang   -arch x86_64 -mios-simulator-version-min=6.0 -DTARGET_OS_IPHONE=1 -D__IOS -fms-extensions -Dasm=__asm -arch x86_64 -mios-simulator-version-min=6.0 -DTARGET_OS_IPHONE=1 -D__IOS -fms-extensions  -isysroot /Applications/Xcode.app/Contents/Developer/Platforms/iPhoneSimulator.platform/Developer/SDKs/iPhoneSimulator8.0.sdk -I/Users/husseinalzandvirtual/linphone-iphone/liblinphone-sdk/x86_64-apple-darwin.ios/include    -o CMakeFiles/cmTC_cf007.dir/CheckSymbolExists.c.o   -c /Users/husseinalzandvirtual/linphone-iphone/WORK/ios-x86_64/Build/ms2/CMakeFiles/CMakeTmp/CheckSymbolExists.c
Linking C executable cmTC_cf007
/usr/local/Cellar/cmake/3.3.2/bin/cmake -E cmake_link_script CMakeFiles/cmTC_cf007.dir/link.txt --verbose=1
/Users/husseinalzandvirtual/linphone-iphone/WORK/ios-x86_64/Build/ms2/x86_64-apple-darwin-clang   -arch x86_64 -mios-simulator-version-min=6.0 -DTARGET_OS_IPHONE=1 -D__IOS -fms-extensions -Dasm=__asm -arch x86_64 -mios-simulator-version-min=6.0 -DTARGET_OS_IPHONE=1 -D__IOS -fms-extensions  -isysroot /Applications/Xcode.app/Contents/Developer/Platforms/iPhoneSimulator.platform/Developer/SDKs/iPhoneSimulator8.0.sdk -Wl,-headerpad_max_install_names   CMakeFiles/cmTC_cf007.dir/CheckSymbolExists.c.o  -o cmTC_cf007  /Users/husseinalzandvirtual/linphone-iphone/liblinphone-sdk/x86_64-apple-darwin.ios/lib/libavcodec.a /Users/husseinalzandvirtual/linphone-iphone/liblinphone-sdk/x86_64-apple-darwin.ios/lib/libavutil.a /Users/husseinalzandvirtual/linphone-iphone/liblinphone-sdk/x86_64-apple-darwin.ios/lib/libswscale.a 

File /Users/husseinalzandvirtual/linphone-iphone/WORK/ios-x86_64/Build/ms2/CMakeFiles/CMakeTmp/CheckSymbolExists.c:
/* */
#include <libavutil/avutil.h>
#include <libavutil/frame.h>

int main(int argc, char** argv)
{
  (void)argv;
#ifndef av_frame_unref
  return ((int*)(&av_frame_unref))[argc];
#else
  (void)argc;
  return 0;
#endif
}

