Determining if the include file malloc.h exists failed with the following output:
Change Dir: /Users/husseinalzandvirtual/linphone-iphone/WORK/ios-arm64/Build/antlr3c/CMakeFiles/CMakeTmp

Run Build Command:"/usr/bin/make" "cmTC_8d592/fast"
/Applications/Xcode.app/Contents/Developer/usr/bin/make -f CMakeFiles/cmTC_8d592.dir/build.make CMakeFiles/cmTC_8d592.dir/build
Building C object CMakeFiles/cmTC_8d592.dir/CheckIncludeFile.c.o
/Users/husseinalzandvirtual/linphone-iphone/WORK/ios-arm64/Build/antlr3c/arm64-apple-darwin-clang   -arch arm64 -miphoneos-version-min=6.0 -DTARGET_OS_IPHONE=1 -D__IOS -fms-extensions -Dasm=__asm -arch arm64 -miphoneos-version-min=6.0 -DTARGET_OS_IPHONE=1 -D__IOS -fms-extensions  -isysroot /Applications/Xcode.app/Contents/Developer/Platforms/iPhoneOS.platform/Developer/SDKs/iPhoneOS8.0.sdk   -o CMakeFiles/cmTC_8d592.dir/CheckIncludeFile.c.o   -c /Users/husseinalzandvirtual/linphone-iphone/WORK/ios-arm64/Build/antlr3c/CMakeFiles/CMakeTmp/CheckIncludeFile.c
/Users/husseinalzandvirtual/linphone-iphone/WORK/ios-arm64/Build/antlr3c/CMakeFiles/CMakeTmp/CheckIncludeFile.c:1:10: fatal error: 'malloc.h' file not found
#include <malloc.h>
         ^
1 error generated.
make[6]: *** [CMakeFiles/cmTC_8d592.dir/CheckIncludeFile.c.o] Error 1
make[5]: *** [cmTC_8d592/fast] Error 2


Determining if the include file socket.h exists failed with the following output:
Change Dir: /Users/husseinalzandvirtual/linphone-iphone/WORK/ios-arm64/Build/antlr3c/CMakeFiles/CMakeTmp

Run Build Command:"/usr/bin/make" "cmTC_c44ae/fast"
/Applications/Xcode.app/Contents/Developer/usr/bin/make -f CMakeFiles/cmTC_c44ae.dir/build.make CMakeFiles/cmTC_c44ae.dir/build
Building C object CMakeFiles/cmTC_c44ae.dir/CheckIncludeFile.c.o
/Users/husseinalzandvirtual/linphone-iphone/WORK/ios-arm64/Build/antlr3c/arm64-apple-darwin-clang   -arch arm64 -miphoneos-version-min=6.0 -DTARGET_OS_IPHONE=1 -D__IOS -fms-extensions -Dasm=__asm -arch arm64 -miphoneos-version-min=6.0 -DTARGET_OS_IPHONE=1 -D__IOS -fms-extensions  -isysroot /Applications/Xcode.app/Contents/Developer/Platforms/iPhoneOS.platform/Developer/SDKs/iPhoneOS8.0.sdk   -o CMakeFiles/cmTC_c44ae.dir/CheckIncludeFile.c.o   -c /Users/husseinalzandvirtual/linphone-iphone/WORK/ios-arm64/Build/antlr3c/CMakeFiles/CMakeTmp/CheckIncludeFile.c
/Users/husseinalzandvirtual/linphone-iphone/WORK/ios-arm64/Build/antlr3c/CMakeFiles/CMakeTmp/CheckIncludeFile.c:1:10: fatal error: 'socket.h' file not found
#include <socket.h>
         ^
1 error generated.
make[6]: *** [CMakeFiles/cmTC_c44ae.dir/CheckIncludeFile.c.o] Error 1
make[5]: *** [cmTC_c44ae/fast] Error 2


Determining if the include file sys/malloc.h exists failed with the following output:
Change Dir: /Users/husseinalzandvirtual/linphone-iphone/WORK/ios-arm64/Build/antlr3c/CMakeFiles/CMakeTmp

Run Build Command:"/usr/bin/make" "cmTC_20ff3/fast"
/Applications/Xcode.app/Contents/Developer/usr/bin/make -f CMakeFiles/cmTC_20ff3.dir/build.make CMakeFiles/cmTC_20ff3.dir/build
Building C object CMakeFiles/cmTC_20ff3.dir/CheckIncludeFile.c.o
/Users/husseinalzandvirtual/linphone-iphone/WORK/ios-arm64/Build/antlr3c/arm64-apple-darwin-clang   -arch arm64 -miphoneos-version-min=6.0 -DTARGET_OS_IPHONE=1 -D__IOS -fms-extensions -Dasm=__asm -arch arm64 -miphoneos-version-min=6.0 -DTARGET_OS_IPHONE=1 -D__IOS -fms-extensions  -isysroot /Applications/Xcode.app/Contents/Developer/Platforms/iPhoneOS.platform/Developer/SDKs/iPhoneOS8.0.sdk   -o CMakeFiles/cmTC_20ff3.dir/CheckIncludeFile.c.o   -c /Users/husseinalzandvirtual/linphone-iphone/WORK/ios-arm64/Build/antlr3c/CMakeFiles/CMakeTmp/CheckIncludeFile.c
/Users/husseinalzandvirtual/linphone-iphone/WORK/ios-arm64/Build/antlr3c/CMakeFiles/CMakeTmp/CheckIncludeFile.c:1:10: fatal error: 'sys/malloc.h' file not found
#include <sys/malloc.h>
         ^
1 error generated.
make[6]: *** [CMakeFiles/cmTC_20ff3.dir/CheckIncludeFile.c.o] Error 1
make[5]: *** [cmTC_20ff3/fast] Error 2


