The target system is: Darwin -  - aarch64
The host system is: Darwin - 14.4.0 - x86_64
Determining if the function dlopen exists in the dl passed with the following output:
Change Dir: /Users/husseinalzandvirtual/linphone-iphone/WORK/ios-arm64/Build/bellesip/CMakeFiles/CMakeTmp

Run Build Command:"/usr/bin/make" "cmTC_918ad/fast"
/Applications/Xcode.app/Contents/Developer/usr/bin/make -f CMakeFiles/cmTC_918ad.dir/build.make CMakeFiles/cmTC_918ad.dir/build
Building C object CMakeFiles/cmTC_918ad.dir/CheckFunctionExists.c.o
/Users/husseinalzandvirtual/linphone-iphone/WORK/ios-arm64/Build/bellesip/arm64-apple-darwin-clang   -arch arm64 -miphoneos-version-min=6.0 -DTARGET_OS_IPHONE=1 -D__IOS -fms-extensions -Dasm=__asm -arch arm64 -miphoneos-version-min=6.0 -DTARGET_OS_IPHONE=1 -D__IOS -fms-extensions -DCHECK_FUNCTION_EXISTS=dlopen -isysroot /Applications/Xcode.app/Contents/Developer/Platforms/iPhoneOS.platform/Developer/SDKs/iPhoneOS8.0.sdk   -o CMakeFiles/cmTC_918ad.dir/CheckFunctionExists.c.o   -c /usr/local/Cellar/cmake/3.3.2/share/cmake/Modules/CheckFunctionExists.c
Linking C executable cmTC_918ad
/usr/local/Cellar/cmake/3.3.2/bin/cmake -E cmake_link_script CMakeFiles/cmTC_918ad.dir/link.txt --verbose=1
/Users/husseinalzandvirtual/linphone-iphone/WORK/ios-arm64/Build/bellesip/arm64-apple-darwin-clang   -arch arm64 -miphoneos-version-min=6.0 -DTARGET_OS_IPHONE=1 -D__IOS -fms-extensions -Dasm=__asm -arch arm64 -miphoneos-version-min=6.0 -DTARGET_OS_IPHONE=1 -D__IOS -fms-extensions -DCHECK_FUNCTION_EXISTS=dlopen -isysroot /Applications/Xcode.app/Contents/Developer/Platforms/iPhoneOS.platform/Developer/SDKs/iPhoneOS8.0.sdk -Wl,-headerpad_max_install_names   CMakeFiles/cmTC_918ad.dir/CheckFunctionExists.c.o  -o cmTC_918ad  -ldl 


Determining if the res_ndestroy exist passed with the following output:
Change Dir: /Users/husseinalzandvirtual/linphone-iphone/WORK/ios-arm64/Build/bellesip/CMakeFiles/CMakeTmp

Run Build Command:"/usr/bin/make" "cmTC_da4b0/fast"
/Applications/Xcode.app/Contents/Developer/usr/bin/make -f CMakeFiles/cmTC_da4b0.dir/build.make CMakeFiles/cmTC_da4b0.dir/build
Building C object CMakeFiles/cmTC_da4b0.dir/CheckSymbolExists.c.o
/Users/husseinalzandvirtual/linphone-iphone/WORK/ios-arm64/Build/bellesip/arm64-apple-darwin-clang   -arch arm64 -miphoneos-version-min=6.0 -DTARGET_OS_IPHONE=1 -D__IOS -fms-extensions -Dasm=__asm -arch arm64 -miphoneos-version-min=6.0 -DTARGET_OS_IPHONE=1 -D__IOS -fms-extensions  -isysroot /Applications/Xcode.app/Contents/Developer/Platforms/iPhoneOS.platform/Developer/SDKs/iPhoneOS8.0.sdk   -o CMakeFiles/cmTC_da4b0.dir/CheckSymbolExists.c.o   -c /Users/husseinalzandvirtual/linphone-iphone/WORK/ios-arm64/Build/bellesip/CMakeFiles/CMakeTmp/CheckSymbolExists.c
Linking C executable cmTC_da4b0
/usr/local/Cellar/cmake/3.3.2/bin/cmake -E cmake_link_script CMakeFiles/cmTC_da4b0.dir/link.txt --verbose=1
/Users/husseinalzandvirtual/linphone-iphone/WORK/ios-arm64/Build/bellesip/arm64-apple-darwin-clang   -arch arm64 -miphoneos-version-min=6.0 -DTARGET_OS_IPHONE=1 -D__IOS -fms-extensions -Dasm=__asm -arch arm64 -miphoneos-version-min=6.0 -DTARGET_OS_IPHONE=1 -D__IOS -fms-extensions  -isysroot /Applications/Xcode.app/Contents/Developer/Platforms/iPhoneOS.platform/Developer/SDKs/iPhoneOS8.0.sdk -Wl,-headerpad_max_install_names   CMakeFiles/cmTC_da4b0.dir/CheckSymbolExists.c.o  -o cmTC_da4b0  

File /Users/husseinalzandvirtual/linphone-iphone/WORK/ios-arm64/Build/bellesip/CMakeFiles/CMakeTmp/CheckSymbolExists.c:
/* */
#include <resolv.h>

int main(int argc, char** argv)
{
  (void)argv;
#ifndef res_ndestroy
  return ((int*)(&res_ndestroy))[argc];
#else
  (void)argc;
  return 0;
#endif
}

Performing C SOURCE FILE Test HAVE_RES_GETSERVERS succeded with the following output:
Change Dir: /Users/husseinalzandvirtual/linphone-iphone/WORK/ios-arm64/Build/bellesip/CMakeFiles/CMakeTmp

Run Build Command:"/usr/bin/make" "cmTC_98f50/fast"
/Applications/Xcode.app/Contents/Developer/usr/bin/make -f CMakeFiles/cmTC_98f50.dir/build.make CMakeFiles/cmTC_98f50.dir/build
Building C object CMakeFiles/cmTC_98f50.dir/src.c.o
/Users/husseinalzandvirtual/linphone-iphone/WORK/ios-arm64/Build/bellesip/arm64-apple-darwin-clang   -arch arm64 -miphoneos-version-min=6.0 -DTARGET_OS_IPHONE=1 -D__IOS -fms-extensions -Dasm=__asm -arch arm64 -miphoneos-version-min=6.0 -DTARGET_OS_IPHONE=1 -D__IOS -fms-extensions -DHAVE_RES_GETSERVERS -isysroot /Applications/Xcode.app/Contents/Developer/Platforms/iPhoneOS.platform/Developer/SDKs/iPhoneOS8.0.sdk   -o CMakeFiles/cmTC_98f50.dir/src.c.o   -c /Users/husseinalzandvirtual/linphone-iphone/WORK/ios-arm64/Build/bellesip/CMakeFiles/CMakeTmp/src.c
Linking C executable cmTC_98f50
/usr/local/Cellar/cmake/3.3.2/bin/cmake -E cmake_link_script CMakeFiles/cmTC_98f50.dir/link.txt --verbose=1
/Users/husseinalzandvirtual/linphone-iphone/WORK/ios-arm64/Build/bellesip/arm64-apple-darwin-clang   -arch arm64 -miphoneos-version-min=6.0 -DTARGET_OS_IPHONE=1 -D__IOS -fms-extensions -Dasm=__asm -arch arm64 -miphoneos-version-min=6.0 -DTARGET_OS_IPHONE=1 -D__IOS -fms-extensions -DHAVE_RES_GETSERVERS -isysroot /Applications/Xcode.app/Contents/Developer/Platforms/iPhoneOS.platform/Developer/SDKs/iPhoneOS8.0.sdk -Wl,-headerpad_max_install_names   CMakeFiles/cmTC_98f50.dir/src.c.o  -o cmTC_98f50  -lresolv 

Source file was:
#include <resolv.h>
int main(int argc, char *argv[]) {
res_getservers(NULL,NULL,0);
return 0;
}
Determining if files pthread.h exist passed with the following output:
Change Dir: /Users/husseinalzandvirtual/linphone-iphone/WORK/ios-arm64/Build/bellesip/CMakeFiles/CMakeTmp

Run Build Command:"/usr/bin/make" "cmTC_723ac/fast"
/Applications/Xcode.app/Contents/Developer/usr/bin/make -f CMakeFiles/cmTC_723ac.dir/build.make CMakeFiles/cmTC_723ac.dir/build
Building C object CMakeFiles/cmTC_723ac.dir/CheckIncludeFiles.c.o
/Users/husseinalzandvirtual/linphone-iphone/WORK/ios-arm64/Build/bellesip/arm64-apple-darwin-clang   -arch arm64 -miphoneos-version-min=6.0 -DTARGET_OS_IPHONE=1 -D__IOS -fms-extensions -Dasm=__asm -arch arm64 -miphoneos-version-min=6.0 -DTARGET_OS_IPHONE=1 -D__IOS -fms-extensions  -isysroot /Applications/Xcode.app/Contents/Developer/Platforms/iPhoneOS.platform/Developer/SDKs/iPhoneOS8.0.sdk   -o CMakeFiles/cmTC_723ac.dir/CheckIncludeFiles.c.o   -c /Users/husseinalzandvirtual/linphone-iphone/WORK/ios-arm64/Build/bellesip/CMakeFiles/CMakeTmp/CheckIncludeFiles.c
Linking C executable cmTC_723ac
/usr/local/Cellar/cmake/3.3.2/bin/cmake -E cmake_link_script CMakeFiles/cmTC_723ac.dir/link.txt --verbose=1
/Users/husseinalzandvirtual/linphone-iphone/WORK/ios-arm64/Build/bellesip/arm64-apple-darwin-clang   -arch arm64 -miphoneos-version-min=6.0 -DTARGET_OS_IPHONE=1 -D__IOS -fms-extensions -Dasm=__asm -arch arm64 -miphoneos-version-min=6.0 -DTARGET_OS_IPHONE=1 -D__IOS -fms-extensions  -isysroot /Applications/Xcode.app/Contents/Developer/Platforms/iPhoneOS.platform/Developer/SDKs/iPhoneOS8.0.sdk -Wl,-headerpad_max_install_names   CMakeFiles/cmTC_723ac.dir/CheckIncludeFiles.c.o  -o cmTC_723ac  


Determining if the pthread_create exist passed with the following output:
Change Dir: /Users/husseinalzandvirtual/linphone-iphone/WORK/ios-arm64/Build/bellesip/CMakeFiles/CMakeTmp

Run Build Command:"/usr/bin/make" "cmTC_6a40c/fast"
/Applications/Xcode.app/Contents/Developer/usr/bin/make -f CMakeFiles/cmTC_6a40c.dir/build.make CMakeFiles/cmTC_6a40c.dir/build
Building C object CMakeFiles/cmTC_6a40c.dir/CheckSymbolExists.c.o
/Users/husseinalzandvirtual/linphone-iphone/WORK/ios-arm64/Build/bellesip/arm64-apple-darwin-clang   -arch arm64 -miphoneos-version-min=6.0 -DTARGET_OS_IPHONE=1 -D__IOS -fms-extensions -Dasm=__asm -arch arm64 -miphoneos-version-min=6.0 -DTARGET_OS_IPHONE=1 -D__IOS -fms-extensions  -isysroot /Applications/Xcode.app/Contents/Developer/Platforms/iPhoneOS.platform/Developer/SDKs/iPhoneOS8.0.sdk   -o CMakeFiles/cmTC_6a40c.dir/CheckSymbolExists.c.o   -c /Users/husseinalzandvirtual/linphone-iphone/WORK/ios-arm64/Build/bellesip/CMakeFiles/CMakeTmp/CheckSymbolExists.c
Linking C executable cmTC_6a40c
/usr/local/Cellar/cmake/3.3.2/bin/cmake -E cmake_link_script CMakeFiles/cmTC_6a40c.dir/link.txt --verbose=1
/Users/husseinalzandvirtual/linphone-iphone/WORK/ios-arm64/Build/bellesip/arm64-apple-darwin-clang   -arch arm64 -miphoneos-version-min=6.0 -DTARGET_OS_IPHONE=1 -D__IOS -fms-extensions -Dasm=__asm -arch arm64 -miphoneos-version-min=6.0 -DTARGET_OS_IPHONE=1 -D__IOS -fms-extensions  -isysroot /Applications/Xcode.app/Contents/Developer/Platforms/iPhoneOS.platform/Developer/SDKs/iPhoneOS8.0.sdk -Wl,-headerpad_max_install_names   CMakeFiles/cmTC_6a40c.dir/CheckSymbolExists.c.o  -o cmTC_6a40c  

File /Users/husseinalzandvirtual/linphone-iphone/WORK/ios-arm64/Build/bellesip/CMakeFiles/CMakeTmp/CheckSymbolExists.c:
/* */
#include <pthread.h>

int main(int argc, char** argv)
{
  (void)argv;
#ifndef pthread_create
  return ((int*)(&pthread_create))[argc];
#else
  (void)argc;
  return 0;
#endif
}

Determining if the antlr3StringStreamNew exist passed with the following output:
Change Dir: /Users/husseinalzandvirtual/linphone-iphone/WORK/ios-arm64/Build/bellesip/CMakeFiles/CMakeTmp

Run Build Command:"/usr/bin/make" "cmTC_37978/fast"
/Applications/Xcode.app/Contents/Developer/usr/bin/make -f CMakeFiles/cmTC_37978.dir/build.make CMakeFiles/cmTC_37978.dir/build
Building C object CMakeFiles/cmTC_37978.dir/CheckSymbolExists.c.o
/Users/husseinalzandvirtual/linphone-iphone/WORK/ios-arm64/Build/bellesip/arm64-apple-darwin-clang   -arch arm64 -miphoneos-version-min=6.0 -DTARGET_OS_IPHONE=1 -D__IOS -fms-extensions -Dasm=__asm -arch arm64 -miphoneos-version-min=6.0 -DTARGET_OS_IPHONE=1 -D__IOS -fms-extensions  -isysroot /Applications/Xcode.app/Contents/Developer/Platforms/iPhoneOS.platform/Developer/SDKs/iPhoneOS8.0.sdk -I/Users/husseinalzandvirtual/linphone-iphone/liblinphone-sdk/arm64-apple-darwin.ios/include    -o CMakeFiles/cmTC_37978.dir/CheckSymbolExists.c.o   -c /Users/husseinalzandvirtual/linphone-iphone/WORK/ios-arm64/Build/bellesip/CMakeFiles/CMakeTmp/CheckSymbolExists.c
Linking C executable cmTC_37978
/usr/local/Cellar/cmake/3.3.2/bin/cmake -E cmake_link_script CMakeFiles/cmTC_37978.dir/link.txt --verbose=1
/Users/husseinalzandvirtual/linphone-iphone/WORK/ios-arm64/Build/bellesip/arm64-apple-darwin-clang   -arch arm64 -miphoneos-version-min=6.0 -DTARGET_OS_IPHONE=1 -D__IOS -fms-extensions -Dasm=__asm -arch arm64 -miphoneos-version-min=6.0 -DTARGET_OS_IPHONE=1 -D__IOS -fms-extensions  -isysroot /Applications/Xcode.app/Contents/Developer/Platforms/iPhoneOS.platform/Developer/SDKs/iPhoneOS8.0.sdk -Wl,-headerpad_max_install_names   CMakeFiles/cmTC_37978.dir/CheckSymbolExists.c.o  -o cmTC_37978  /Users/husseinalzandvirtual/linphone-iphone/liblinphone-sdk/arm64-apple-darwin.ios/lib/libantlr3c.a 

File /Users/husseinalzandvirtual/linphone-iphone/WORK/ios-arm64/Build/bellesip/CMakeFiles/CMakeTmp/CheckSymbolExists.c:
/* */
#include <antlr3.h>

int main(int argc, char** argv)
{
  (void)argv;
#ifndef antlr3StringStreamNew
  return ((int*)(&antlr3StringStreamNew))[argc];
#else
  (void)argc;
  return 0;
#endif
}

Performing C SOURCE FILE Test X509PARSE_CRTPATH_OK succeded with the following output:
Change Dir: /Users/husseinalzandvirtual/linphone-iphone/WORK/ios-arm64/Build/bellesip/CMakeFiles/CMakeTmp

Run Build Command:"/usr/bin/make" "cmTC_a66bc/fast"
/Applications/Xcode.app/Contents/Developer/usr/bin/make -f CMakeFiles/cmTC_a66bc.dir/build.make CMakeFiles/cmTC_a66bc.dir/build
Building C object CMakeFiles/cmTC_a66bc.dir/src.c.o
/Users/husseinalzandvirtual/linphone-iphone/WORK/ios-arm64/Build/bellesip/arm64-apple-darwin-clang   -arch arm64 -miphoneos-version-min=6.0 -DTARGET_OS_IPHONE=1 -D__IOS -fms-extensions -Dasm=__asm -arch arm64 -miphoneos-version-min=6.0 -DTARGET_OS_IPHONE=1 -D__IOS -fms-extensions -DX509PARSE_CRTPATH_OK -isysroot /Applications/Xcode.app/Contents/Developer/Platforms/iPhoneOS.platform/Developer/SDKs/iPhoneOS8.0.sdk -I/Users/husseinalzandvirtual/linphone-iphone/liblinphone-sdk/arm64-apple-darwin.ios/include    -o CMakeFiles/cmTC_a66bc.dir/src.c.o   -c /Users/husseinalzandvirtual/linphone-iphone/WORK/ios-arm64/Build/bellesip/CMakeFiles/CMakeTmp/src.c
In file included from /Users/husseinalzandvirtual/linphone-iphone/WORK/ios-arm64/Build/bellesip/CMakeFiles/CMakeTmp/src.c:4:
/Users/husseinalzandvirtual/linphone-iphone/liblinphone-sdk/arm64-apple-darwin.ios/include/polarssl/compat-1.2.h:53:2: warning: "You can disable these warnings by commenting SHOW_PROTOTYPE_CHANGE_WARNINGS in compat-1.2.h" [-W#warnings]
#warning "You can disable these warnings by commenting SHOW_PROTOTYPE_CHANGE_WARNINGS in compat-1.2.h"
 ^
/Users/husseinalzandvirtual/linphone-iphone/liblinphone-sdk/arm64-apple-darwin.ios/include/polarssl/compat-1.2.h:156:2: warning: "cipher_reset() prototype changed. Manual change required if used" [-W#warnings]
#warning "cipher_reset() prototype changed. Manual change required if used"
 ^
/Users/husseinalzandvirtual/linphone-iphone/liblinphone-sdk/arm64-apple-darwin.ios/include/polarssl/compat-1.2.h:171:2: warning: "rsa_pkcs1_verify() prototype changed. Manual change required if used" [-W#warnings]
#warning "rsa_pkcs1_verify() prototype changed. Manual change required if used"
 ^
/Users/husseinalzandvirtual/linphone-iphone/liblinphone-sdk/arm64-apple-darwin.ios/include/polarssl/compat-1.2.h:172:2: warning: "rsa_pkcs1_decrypt() prototype changed. Manual change required if used" [-W#warnings]
#warning "rsa_pkcs1_decrypt() prototype changed. Manual change required if used"
 ^
/Users/husseinalzandvirtual/linphone-iphone/liblinphone-sdk/arm64-apple-darwin.ios/include/polarssl/compat-1.2.h:178:2: warning: "dhm_calc_secret() prototype changed. Manual change required if used" [-W#warnings]
#warning "dhm_calc_secret() prototype changed. Manual change required if used"
 ^
/Users/husseinalzandvirtual/linphone-iphone/liblinphone-sdk/arm64-apple-darwin.ios/include/polarssl/compat-1.2.h:184:2: warning: "gcm_init() prototype changed. Manual change required if used" [-W#warnings]
#warning "gcm_init() prototype changed. Manual change required if used"
 ^
/Users/husseinalzandvirtual/linphone-iphone/liblinphone-sdk/arm64-apple-darwin.ios/include/polarssl/compat-1.2.h:190:2: warning: "ssl_set_own_cert() prototype changed. Change to ssl_set_own_cert_rsa(). Manual change required if used" [-W#warnings]
#warning "ssl_set_own_cert() prototype changed. Change to ssl_set_own_cert_rsa(). Manual change required if used"
 ^
7 warnings generated.
Linking C executable cmTC_a66bc
/usr/local/Cellar/cmake/3.3.2/bin/cmake -E cmake_link_script CMakeFiles/cmTC_a66bc.dir/link.txt --verbose=1
/Users/husseinalzandvirtual/linphone-iphone/WORK/ios-arm64/Build/bellesip/arm64-apple-darwin-clang   -arch arm64 -miphoneos-version-min=6.0 -DTARGET_OS_IPHONE=1 -D__IOS -fms-extensions -Dasm=__asm -arch arm64 -miphoneos-version-min=6.0 -DTARGET_OS_IPHONE=1 -D__IOS -fms-extensions -DX509PARSE_CRTPATH_OK -isysroot /Applications/Xcode.app/Contents/Developer/Platforms/iPhoneOS.platform/Developer/SDKs/iPhoneOS8.0.sdk -Wl,-headerpad_max_install_names   CMakeFiles/cmTC_a66bc.dir/src.c.o  -o cmTC_a66bc  /Users/husseinalzandvirtual/linphone-iphone/liblinphone-sdk/arm64-apple-darwin.ios/lib/libpolarssl.a 

Source file was:
#include <polarssl/version.h>
#include <polarssl/x509.h>
#if POLARSSL_VERSION_NUMBER >= 0x01030000
#include <polarssl/compat-1.2.h>
#endif
int main(int argc, char *argv[]) {
x509parse_crtpath(0,0);
return 0;
}
Determining if the ssl_get_dtls_srtp_protection_profile exist passed with the following output:
Change Dir: /Users/husseinalzandvirtual/linphone-iphone/WORK/ios-arm64/Build/bellesip/CMakeFiles/CMakeTmp

Run Build Command:"/usr/bin/make" "cmTC_b8f5e/fast"
/Applications/Xcode.app/Contents/Developer/usr/bin/make -f CMakeFiles/cmTC_b8f5e.dir/build.make CMakeFiles/cmTC_b8f5e.dir/build
Building C object CMakeFiles/cmTC_b8f5e.dir/CheckSymbolExists.c.o
/Users/husseinalzandvirtual/linphone-iphone/WORK/ios-arm64/Build/bellesip/arm64-apple-darwin-clang   -arch arm64 -miphoneos-version-min=6.0 -DTARGET_OS_IPHONE=1 -D__IOS -fms-extensions -Dasm=__asm -arch arm64 -miphoneos-version-min=6.0 -DTARGET_OS_IPHONE=1 -D__IOS -fms-extensions  -isysroot /Applications/Xcode.app/Contents/Developer/Platforms/iPhoneOS.platform/Developer/SDKs/iPhoneOS8.0.sdk -I/Users/husseinalzandvirtual/linphone-iphone/liblinphone-sdk/arm64-apple-darwin.ios/include    -o CMakeFiles/cmTC_b8f5e.dir/CheckSymbolExists.c.o   -c /Users/husseinalzandvirtual/linphone-iphone/WORK/ios-arm64/Build/bellesip/CMakeFiles/CMakeTmp/CheckSymbolExists.c
Linking C executable cmTC_b8f5e
/usr/local/Cellar/cmake/3.3.2/bin/cmake -E cmake_link_script CMakeFiles/cmTC_b8f5e.dir/link.txt --verbose=1
/Users/husseinalzandvirtual/linphone-iphone/WORK/ios-arm64/Build/bellesip/arm64-apple-darwin-clang   -arch arm64 -miphoneos-version-min=6.0 -DTARGET_OS_IPHONE=1 -D__IOS -fms-extensions -Dasm=__asm -arch arm64 -miphoneos-version-min=6.0 -DTARGET_OS_IPHONE=1 -D__IOS -fms-extensions  -isysroot /Applications/Xcode.app/Contents/Developer/Platforms/iPhoneOS.platform/Developer/SDKs/iPhoneOS8.0.sdk -Wl,-headerpad_max_install_names   CMakeFiles/cmTC_b8f5e.dir/CheckSymbolExists.c.o  -o cmTC_b8f5e  /Users/husseinalzandvirtual/linphone-iphone/liblinphone-sdk/arm64-apple-darwin.ios/lib/libpolarssl.a 

File /Users/husseinalzandvirtual/linphone-iphone/WORK/ios-arm64/Build/bellesip/CMakeFiles/CMakeTmp/CheckSymbolExists.c:
/* */
#include <polarssl/ssl.h>

int main(int argc, char** argv)
{
  (void)argv;
#ifndef ssl_get_dtls_srtp_protection_profile
  return ((int*)(&ssl_get_dtls_srtp_protection_profile))[argc];
#else
  (void)argc;
  return 0;
#endif
}

