The target system is: Darwin -  - x86_64
The host system is: Darwin - 14.4.0 - x86_64
Determining if the include file alloca.h exists passed with the following output:
Change Dir: /Users/husseinalzandvirtual/linphone-iphone/WORK/ios-x86_64/Build/speex/CMakeFiles/CMakeTmp

Run Build Command:"/usr/bin/make" "cmTC_39440/fast"
/Applications/Xcode.app/Contents/Developer/usr/bin/make -f CMakeFiles/cmTC_39440.dir/build.make CMakeFiles/cmTC_39440.dir/build
Building C object CMakeFiles/cmTC_39440.dir/CheckIncludeFile.c.o
/Users/husseinalzandvirtual/linphone-iphone/WORK/ios-x86_64/Build/speex/x86_64-apple-darwin-clang   -arch x86_64 -mios-simulator-version-min=6.0 -DTARGET_OS_IPHONE=1 -D__IOS -fms-extensions -Dasm=__asm -arch x86_64 -mios-simulator-version-min=6.0 -DTARGET_OS_IPHONE=1 -D__IOS -fms-extensions  -isysroot /Applications/Xcode.app/Contents/Developer/Platforms/iPhoneSimulator.platform/Developer/SDKs/iPhoneSimulator8.0.sdk   -o CMakeFiles/cmTC_39440.dir/CheckIncludeFile.c.o   -c /Users/husseinalzandvirtual/linphone-iphone/WORK/ios-x86_64/Build/speex/CMakeFiles/CMakeTmp/CheckIncludeFile.c
Linking C executable cmTC_39440
/usr/local/Cellar/cmake/3.3.2/bin/cmake -E cmake_link_script CMakeFiles/cmTC_39440.dir/link.txt --verbose=1
/Users/husseinalzandvirtual/linphone-iphone/WORK/ios-x86_64/Build/speex/x86_64-apple-darwin-clang   -arch x86_64 -mios-simulator-version-min=6.0 -DTARGET_OS_IPHONE=1 -D__IOS -fms-extensions -Dasm=__asm -arch x86_64 -mios-simulator-version-min=6.0 -DTARGET_OS_IPHONE=1 -D__IOS -fms-extensions  -isysroot /Applications/Xcode.app/Contents/Developer/Platforms/iPhoneSimulator.platform/Developer/SDKs/iPhoneSimulator8.0.sdk -Wl,-headerpad_max_install_names   CMakeFiles/cmTC_39440.dir/CheckIncludeFile.c.o  -o cmTC_39440  


Determining if the include file getopt.h exists passed with the following output:
Change Dir: /Users/husseinalzandvirtual/linphone-iphone/WORK/ios-x86_64/Build/speex/CMakeFiles/CMakeTmp

Run Build Command:"/usr/bin/make" "cmTC_53c6b/fast"
/Applications/Xcode.app/Contents/Developer/usr/bin/make -f CMakeFiles/cmTC_53c6b.dir/build.make CMakeFiles/cmTC_53c6b.dir/build
Building C object CMakeFiles/cmTC_53c6b.dir/CheckIncludeFile.c.o
/Users/husseinalzandvirtual/linphone-iphone/WORK/ios-x86_64/Build/speex/x86_64-apple-darwin-clang   -arch x86_64 -mios-simulator-version-min=6.0 -DTARGET_OS_IPHONE=1 -D__IOS -fms-extensions -Dasm=__asm -arch x86_64 -mios-simulator-version-min=6.0 -DTARGET_OS_IPHONE=1 -D__IOS -fms-extensions  -isysroot /Applications/Xcode.app/Contents/Developer/Platforms/iPhoneSimulator.platform/Developer/SDKs/iPhoneSimulator8.0.sdk   -o CMakeFiles/cmTC_53c6b.dir/CheckIncludeFile.c.o   -c /Users/husseinalzandvirtual/linphone-iphone/WORK/ios-x86_64/Build/speex/CMakeFiles/CMakeTmp/CheckIncludeFile.c
Linking C executable cmTC_53c6b
/usr/local/Cellar/cmake/3.3.2/bin/cmake -E cmake_link_script CMakeFiles/cmTC_53c6b.dir/link.txt --verbose=1
/Users/husseinalzandvirtual/linphone-iphone/WORK/ios-x86_64/Build/speex/x86_64-apple-darwin-clang   -arch x86_64 -mios-simulator-version-min=6.0 -DTARGET_OS_IPHONE=1 -D__IOS -fms-extensions -Dasm=__asm -arch x86_64 -mios-simulator-version-min=6.0 -DTARGET_OS_IPHONE=1 -D__IOS -fms-extensions  -isysroot /Applications/Xcode.app/Contents/Developer/Platforms/iPhoneSimulator.platform/Developer/SDKs/iPhoneSimulator8.0.sdk -Wl,-headerpad_max_install_names   CMakeFiles/cmTC_53c6b.dir/CheckIncludeFile.c.o  -o cmTC_53c6b  


Determining if the include file string.h exists passed with the following output:
Change Dir: /Users/husseinalzandvirtual/linphone-iphone/WORK/ios-x86_64/Build/speex/CMakeFiles/CMakeTmp

Run Build Command:"/usr/bin/make" "cmTC_cbaf6/fast"
/Applications/Xcode.app/Contents/Developer/usr/bin/make -f CMakeFiles/cmTC_cbaf6.dir/build.make CMakeFiles/cmTC_cbaf6.dir/build
Building C object CMakeFiles/cmTC_cbaf6.dir/CheckIncludeFile.c.o
/Users/husseinalzandvirtual/linphone-iphone/WORK/ios-x86_64/Build/speex/x86_64-apple-darwin-clang   -arch x86_64 -mios-simulator-version-min=6.0 -DTARGET_OS_IPHONE=1 -D__IOS -fms-extensions -Dasm=__asm -arch x86_64 -mios-simulator-version-min=6.0 -DTARGET_OS_IPHONE=1 -D__IOS -fms-extensions  -isysroot /Applications/Xcode.app/Contents/Developer/Platforms/iPhoneSimulator.platform/Developer/SDKs/iPhoneSimulator8.0.sdk   -o CMakeFiles/cmTC_cbaf6.dir/CheckIncludeFile.c.o   -c /Users/husseinalzandvirtual/linphone-iphone/WORK/ios-x86_64/Build/speex/CMakeFiles/CMakeTmp/CheckIncludeFile.c
Linking C executable cmTC_cbaf6
/usr/local/Cellar/cmake/3.3.2/bin/cmake -E cmake_link_script CMakeFiles/cmTC_cbaf6.dir/link.txt --verbose=1
/Users/husseinalzandvirtual/linphone-iphone/WORK/ios-x86_64/Build/speex/x86_64-apple-darwin-clang   -arch x86_64 -mios-simulator-version-min=6.0 -DTARGET_OS_IPHONE=1 -D__IOS -fms-extensions -Dasm=__asm -arch x86_64 -mios-simulator-version-min=6.0 -DTARGET_OS_IPHONE=1 -D__IOS -fms-extensions  -isysroot /Applications/Xcode.app/Contents/Developer/Platforms/iPhoneSimulator.platform/Developer/SDKs/iPhoneSimulator8.0.sdk -Wl,-headerpad_max_install_names   CMakeFiles/cmTC_cbaf6.dir/CheckIncludeFile.c.o  -o cmTC_cbaf6  


Determining if the function getopt_long exists passed with the following output:
Change Dir: /Users/husseinalzandvirtual/linphone-iphone/WORK/ios-x86_64/Build/speex/CMakeFiles/CMakeTmp

Run Build Command:"/usr/bin/make" "cmTC_d27b1/fast"
/Applications/Xcode.app/Contents/Developer/usr/bin/make -f CMakeFiles/cmTC_d27b1.dir/build.make CMakeFiles/cmTC_d27b1.dir/build
Building C object CMakeFiles/cmTC_d27b1.dir/CheckFunctionExists.c.o
/Users/husseinalzandvirtual/linphone-iphone/WORK/ios-x86_64/Build/speex/x86_64-apple-darwin-clang   -arch x86_64 -mios-simulator-version-min=6.0 -DTARGET_OS_IPHONE=1 -D__IOS -fms-extensions -Dasm=__asm -arch x86_64 -mios-simulator-version-min=6.0 -DTARGET_OS_IPHONE=1 -D__IOS -fms-extensions -DCHECK_FUNCTION_EXISTS=getopt_long -isysroot /Applications/Xcode.app/Contents/Developer/Platforms/iPhoneSimulator.platform/Developer/SDKs/iPhoneSimulator8.0.sdk   -o CMakeFiles/cmTC_d27b1.dir/CheckFunctionExists.c.o   -c /usr/local/Cellar/cmake/3.3.2/share/cmake/Modules/CheckFunctionExists.c
Linking C executable cmTC_d27b1
/usr/local/Cellar/cmake/3.3.2/bin/cmake -E cmake_link_script CMakeFiles/cmTC_d27b1.dir/link.txt --verbose=1
/Users/husseinalzandvirtual/linphone-iphone/WORK/ios-x86_64/Build/speex/x86_64-apple-darwin-clang   -arch x86_64 -mios-simulator-version-min=6.0 -DTARGET_OS_IPHONE=1 -D__IOS -fms-extensions -Dasm=__asm -arch x86_64 -mios-simulator-version-min=6.0 -DTARGET_OS_IPHONE=1 -D__IOS -fms-extensions -DCHECK_FUNCTION_EXISTS=getopt_long -isysroot /Applications/Xcode.app/Contents/Developer/Platforms/iPhoneSimulator.platform/Developer/SDKs/iPhoneSimulator8.0.sdk -Wl,-headerpad_max_install_names   CMakeFiles/cmTC_d27b1.dir/CheckFunctionExists.c.o  -o cmTC_d27b1  


Performing C SOURCE FILE Test VAR_ARRAYS succeded with the following output:
Change Dir: /Users/husseinalzandvirtual/linphone-iphone/WORK/ios-x86_64/Build/speex/CMakeFiles/CMakeTmp

Run Build Command:"/usr/bin/make" "cmTC_7cc89/fast"
/Applications/Xcode.app/Contents/Developer/usr/bin/make -f CMakeFiles/cmTC_7cc89.dir/build.make CMakeFiles/cmTC_7cc89.dir/build
Building C object CMakeFiles/cmTC_7cc89.dir/src.c.o
/Users/husseinalzandvirtual/linphone-iphone/WORK/ios-x86_64/Build/speex/x86_64-apple-darwin-clang   -arch x86_64 -mios-simulator-version-min=6.0 -DTARGET_OS_IPHONE=1 -D__IOS -fms-extensions -Dasm=__asm -arch x86_64 -mios-simulator-version-min=6.0 -DTARGET_OS_IPHONE=1 -D__IOS -fms-extensions -DVAR_ARRAYS -isysroot /Applications/Xcode.app/Contents/Developer/Platforms/iPhoneSimulator.platform/Developer/SDKs/iPhoneSimulator8.0.sdk   -o CMakeFiles/cmTC_7cc89.dir/src.c.o   -c /Users/husseinalzandvirtual/linphone-iphone/WORK/ios-x86_64/Build/speex/CMakeFiles/CMakeTmp/src.c
Linking C executable cmTC_7cc89
/usr/local/Cellar/cmake/3.3.2/bin/cmake -E cmake_link_script CMakeFiles/cmTC_7cc89.dir/link.txt --verbose=1
/Users/husseinalzandvirtual/linphone-iphone/WORK/ios-x86_64/Build/speex/x86_64-apple-darwin-clang   -arch x86_64 -mios-simulator-version-min=6.0 -DTARGET_OS_IPHONE=1 -D__IOS -fms-extensions -Dasm=__asm -arch x86_64 -mios-simulator-version-min=6.0 -DTARGET_OS_IPHONE=1 -D__IOS -fms-extensions -DVAR_ARRAYS -isysroot /Applications/Xcode.app/Contents/Developer/Platforms/iPhoneSimulator.platform/Developer/SDKs/iPhoneSimulator8.0.sdk -Wl,-headerpad_max_install_names   CMakeFiles/cmTC_7cc89.dir/src.c.o  -o cmTC_7cc89  

Source file was:
int main(int argc, char *argv[]) {
int foo;
foo = 10;
int array[foo];
}
Performing C SOURCE FILE Test HAS_ALLOCA succeded with the following output:
Change Dir: /Users/husseinalzandvirtual/linphone-iphone/WORK/ios-x86_64/Build/speex/CMakeFiles/CMakeTmp

Run Build Command:"/usr/bin/make" "cmTC_8f549/fast"
/Applications/Xcode.app/Contents/Developer/usr/bin/make -f CMakeFiles/cmTC_8f549.dir/build.make CMakeFiles/cmTC_8f549.dir/build
Building C object CMakeFiles/cmTC_8f549.dir/src.c.o
/Users/husseinalzandvirtual/linphone-iphone/WORK/ios-x86_64/Build/speex/x86_64-apple-darwin-clang   -arch x86_64 -mios-simulator-version-min=6.0 -DTARGET_OS_IPHONE=1 -D__IOS -fms-extensions -Dasm=__asm -arch x86_64 -mios-simulator-version-min=6.0 -DTARGET_OS_IPHONE=1 -D__IOS -fms-extensions -DHAS_ALLOCA -isysroot /Applications/Xcode.app/Contents/Developer/Platforms/iPhoneSimulator.platform/Developer/SDKs/iPhoneSimulator8.0.sdk   -o CMakeFiles/cmTC_8f549.dir/src.c.o   -c /Users/husseinalzandvirtual/linphone-iphone/WORK/ios-x86_64/Build/speex/CMakeFiles/CMakeTmp/src.c
Linking C executable cmTC_8f549
/usr/local/Cellar/cmake/3.3.2/bin/cmake -E cmake_link_script CMakeFiles/cmTC_8f549.dir/link.txt --verbose=1
/Users/husseinalzandvirtual/linphone-iphone/WORK/ios-x86_64/Build/speex/x86_64-apple-darwin-clang   -arch x86_64 -mios-simulator-version-min=6.0 -DTARGET_OS_IPHONE=1 -D__IOS -fms-extensions -Dasm=__asm -arch x86_64 -mios-simulator-version-min=6.0 -DTARGET_OS_IPHONE=1 -D__IOS -fms-extensions -DHAS_ALLOCA -isysroot /Applications/Xcode.app/Contents/Developer/Platforms/iPhoneSimulator.platform/Developer/SDKs/iPhoneSimulator8.0.sdk -Wl,-headerpad_max_install_names   CMakeFiles/cmTC_8f549.dir/src.c.o  -o cmTC_8f549  

Source file was:
#include <alloca.h>
#include <stdlib.h>
int main(int argc, char *argv[]) {
int foo=10;
int *array = alloca(foo);
}
Performing C SOURCE FILE Test HAS_SSE succeded with the following output:
Change Dir: /Users/husseinalzandvirtual/linphone-iphone/WORK/ios-x86_64/Build/speex/CMakeFiles/CMakeTmp

Run Build Command:"/usr/bin/make" "cmTC_c3312/fast"
/Applications/Xcode.app/Contents/Developer/usr/bin/make -f CMakeFiles/cmTC_c3312.dir/build.make CMakeFiles/cmTC_c3312.dir/build
Building C object CMakeFiles/cmTC_c3312.dir/src.c.o
/Users/husseinalzandvirtual/linphone-iphone/WORK/ios-x86_64/Build/speex/x86_64-apple-darwin-clang   -arch x86_64 -mios-simulator-version-min=6.0 -DTARGET_OS_IPHONE=1 -D__IOS -fms-extensions -Dasm=__asm -arch x86_64 -mios-simulator-version-min=6.0 -DTARGET_OS_IPHONE=1 -D__IOS -fms-extensions -DHAS_SSE -isysroot /Applications/Xcode.app/Contents/Developer/Platforms/iPhoneSimulator.platform/Developer/SDKs/iPhoneSimulator8.0.sdk   -o CMakeFiles/cmTC_c3312.dir/src.c.o   -c /Users/husseinalzandvirtual/linphone-iphone/WORK/ios-x86_64/Build/speex/CMakeFiles/CMakeTmp/src.c
Linking C executable cmTC_c3312
/usr/local/Cellar/cmake/3.3.2/bin/cmake -E cmake_link_script CMakeFiles/cmTC_c3312.dir/link.txt --verbose=1
/Users/husseinalzandvirtual/linphone-iphone/WORK/ios-x86_64/Build/speex/x86_64-apple-darwin-clang   -arch x86_64 -mios-simulator-version-min=6.0 -DTARGET_OS_IPHONE=1 -D__IOS -fms-extensions -Dasm=__asm -arch x86_64 -mios-simulator-version-min=6.0 -DTARGET_OS_IPHONE=1 -D__IOS -fms-extensions -DHAS_SSE -isysroot /Applications/Xcode.app/Contents/Developer/Platforms/iPhoneSimulator.platform/Developer/SDKs/iPhoneSimulator8.0.sdk -Wl,-headerpad_max_install_names   CMakeFiles/cmTC_c3312.dir/src.c.o  -o cmTC_c3312  

Source file was:
#include <xmmintrin.h>
__m128 testfunc(float *a, float *b) {
return _mm_add_ps(_mm_loadu_ps(a), _mm_loadu_ps(b));
}
int main(int argc, char *argv[]) {}
Performing C SOURCE FILE Test HAS_VISIBILITY succeded with the following output:
Change Dir: /Users/husseinalzandvirtual/linphone-iphone/WORK/ios-x86_64/Build/speex/CMakeFiles/CMakeTmp

Run Build Command:"/usr/bin/make" "cmTC_2fe86/fast"
/Applications/Xcode.app/Contents/Developer/usr/bin/make -f CMakeFiles/cmTC_2fe86.dir/build.make CMakeFiles/cmTC_2fe86.dir/build
Building C object CMakeFiles/cmTC_2fe86.dir/src.c.o
/Users/husseinalzandvirtual/linphone-iphone/WORK/ios-x86_64/Build/speex/x86_64-apple-darwin-clang   -arch x86_64 -mios-simulator-version-min=6.0 -DTARGET_OS_IPHONE=1 -D__IOS -fms-extensions -Dasm=__asm -arch x86_64 -mios-simulator-version-min=6.0 -DTARGET_OS_IPHONE=1 -D__IOS -fms-extensions -fvisibility=hidden -DHAS_VISIBILITY -isysroot /Applications/Xcode.app/Contents/Developer/Platforms/iPhoneSimulator.platform/Developer/SDKs/iPhoneSimulator8.0.sdk   -o CMakeFiles/cmTC_2fe86.dir/src.c.o   -c /Users/husseinalzandvirtual/linphone-iphone/WORK/ios-x86_64/Build/speex/CMakeFiles/CMakeTmp/src.c
Linking C executable cmTC_2fe86
/usr/local/Cellar/cmake/3.3.2/bin/cmake -E cmake_link_script CMakeFiles/cmTC_2fe86.dir/link.txt --verbose=1
/Users/husseinalzandvirtual/linphone-iphone/WORK/ios-x86_64/Build/speex/x86_64-apple-darwin-clang   -arch x86_64 -mios-simulator-version-min=6.0 -DTARGET_OS_IPHONE=1 -D__IOS -fms-extensions -Dasm=__asm -arch x86_64 -mios-simulator-version-min=6.0 -DTARGET_OS_IPHONE=1 -D__IOS -fms-extensions -fvisibility=hidden -DHAS_VISIBILITY -isysroot /Applications/Xcode.app/Contents/Developer/Platforms/iPhoneSimulator.platform/Developer/SDKs/iPhoneSimulator8.0.sdk -Wl,-headerpad_max_install_names   CMakeFiles/cmTC_2fe86.dir/src.c.o  -o cmTC_2fe86  

Source file was:
#pragma GCC visibility push(hidden)
__attribute__((visibility("default")))
int var=10;
int main(int argc, char *argv[]) {}
Determining if the include file sys/types.h exists passed with the following output:
Change Dir: /Users/husseinalzandvirtual/linphone-iphone/WORK/ios-x86_64/Build/speex/CMakeFiles/CMakeTmp

Run Build Command:"/usr/bin/make" "cmTC_7c4b5/fast"
/Applications/Xcode.app/Contents/Developer/usr/bin/make -f CMakeFiles/cmTC_7c4b5.dir/build.make CMakeFiles/cmTC_7c4b5.dir/build
Building C object CMakeFiles/cmTC_7c4b5.dir/CheckIncludeFile.c.o
/Users/husseinalzandvirtual/linphone-iphone/WORK/ios-x86_64/Build/speex/x86_64-apple-darwin-clang   -arch x86_64 -mios-simulator-version-min=6.0 -DTARGET_OS_IPHONE=1 -D__IOS -fms-extensions -Dasm=__asm -arch x86_64 -mios-simulator-version-min=6.0 -DTARGET_OS_IPHONE=1 -D__IOS -fms-extensions  -isysroot /Applications/Xcode.app/Contents/Developer/Platforms/iPhoneSimulator.platform/Developer/SDKs/iPhoneSimulator8.0.sdk   -o CMakeFiles/cmTC_7c4b5.dir/CheckIncludeFile.c.o   -c /Users/husseinalzandvirtual/linphone-iphone/WORK/ios-x86_64/Build/speex/CMakeFiles/CMakeTmp/CheckIncludeFile.c
Linking C executable cmTC_7c4b5
/usr/local/Cellar/cmake/3.3.2/bin/cmake -E cmake_link_script CMakeFiles/cmTC_7c4b5.dir/link.txt --verbose=1
/Users/husseinalzandvirtual/linphone-iphone/WORK/ios-x86_64/Build/speex/x86_64-apple-darwin-clang   -arch x86_64 -mios-simulator-version-min=6.0 -DTARGET_OS_IPHONE=1 -D__IOS -fms-extensions -Dasm=__asm -arch x86_64 -mios-simulator-version-min=6.0 -DTARGET_OS_IPHONE=1 -D__IOS -fms-extensions  -isysroot /Applications/Xcode.app/Contents/Developer/Platforms/iPhoneSimulator.platform/Developer/SDKs/iPhoneSimulator8.0.sdk -Wl,-headerpad_max_install_names   CMakeFiles/cmTC_7c4b5.dir/CheckIncludeFile.c.o  -o cmTC_7c4b5  


Determining if the include file stdint.h exists passed with the following output:
Change Dir: /Users/husseinalzandvirtual/linphone-iphone/WORK/ios-x86_64/Build/speex/CMakeFiles/CMakeTmp

Run Build Command:"/usr/bin/make" "cmTC_f1953/fast"
/Applications/Xcode.app/Contents/Developer/usr/bin/make -f CMakeFiles/cmTC_f1953.dir/build.make CMakeFiles/cmTC_f1953.dir/build
Building C object CMakeFiles/cmTC_f1953.dir/CheckIncludeFile.c.o
/Users/husseinalzandvirtual/linphone-iphone/WORK/ios-x86_64/Build/speex/x86_64-apple-darwin-clang   -arch x86_64 -mios-simulator-version-min=6.0 -DTARGET_OS_IPHONE=1 -D__IOS -fms-extensions -Dasm=__asm -arch x86_64 -mios-simulator-version-min=6.0 -DTARGET_OS_IPHONE=1 -D__IOS -fms-extensions  -isysroot /Applications/Xcode.app/Contents/Developer/Platforms/iPhoneSimulator.platform/Developer/SDKs/iPhoneSimulator8.0.sdk   -o CMakeFiles/cmTC_f1953.dir/CheckIncludeFile.c.o   -c /Users/husseinalzandvirtual/linphone-iphone/WORK/ios-x86_64/Build/speex/CMakeFiles/CMakeTmp/CheckIncludeFile.c
Linking C executable cmTC_f1953
/usr/local/Cellar/cmake/3.3.2/bin/cmake -E cmake_link_script CMakeFiles/cmTC_f1953.dir/link.txt --verbose=1
/Users/husseinalzandvirtual/linphone-iphone/WORK/ios-x86_64/Build/speex/x86_64-apple-darwin-clang   -arch x86_64 -mios-simulator-version-min=6.0 -DTARGET_OS_IPHONE=1 -D__IOS -fms-extensions -Dasm=__asm -arch x86_64 -mios-simulator-version-min=6.0 -DTARGET_OS_IPHONE=1 -D__IOS -fms-extensions  -isysroot /Applications/Xcode.app/Contents/Developer/Platforms/iPhoneSimulator.platform/Developer/SDKs/iPhoneSimulator8.0.sdk -Wl,-headerpad_max_install_names   CMakeFiles/cmTC_f1953.dir/CheckIncludeFile.c.o  -o cmTC_f1953  


Determining if the include file stddef.h exists passed with the following output:
Change Dir: /Users/husseinalzandvirtual/linphone-iphone/WORK/ios-x86_64/Build/speex/CMakeFiles/CMakeTmp

Run Build Command:"/usr/bin/make" "cmTC_52d95/fast"
/Applications/Xcode.app/Contents/Developer/usr/bin/make -f CMakeFiles/cmTC_52d95.dir/build.make CMakeFiles/cmTC_52d95.dir/build
Building C object CMakeFiles/cmTC_52d95.dir/CheckIncludeFile.c.o
/Users/husseinalzandvirtual/linphone-iphone/WORK/ios-x86_64/Build/speex/x86_64-apple-darwin-clang   -arch x86_64 -mios-simulator-version-min=6.0 -DTARGET_OS_IPHONE=1 -D__IOS -fms-extensions -Dasm=__asm -arch x86_64 -mios-simulator-version-min=6.0 -DTARGET_OS_IPHONE=1 -D__IOS -fms-extensions  -isysroot /Applications/Xcode.app/Contents/Developer/Platforms/iPhoneSimulator.platform/Developer/SDKs/iPhoneSimulator8.0.sdk   -o CMakeFiles/cmTC_52d95.dir/CheckIncludeFile.c.o   -c /Users/husseinalzandvirtual/linphone-iphone/WORK/ios-x86_64/Build/speex/CMakeFiles/CMakeTmp/CheckIncludeFile.c
Linking C executable cmTC_52d95
/usr/local/Cellar/cmake/3.3.2/bin/cmake -E cmake_link_script CMakeFiles/cmTC_52d95.dir/link.txt --verbose=1
/Users/husseinalzandvirtual/linphone-iphone/WORK/ios-x86_64/Build/speex/x86_64-apple-darwin-clang   -arch x86_64 -mios-simulator-version-min=6.0 -DTARGET_OS_IPHONE=1 -D__IOS -fms-extensions -Dasm=__asm -arch x86_64 -mios-simulator-version-min=6.0 -DTARGET_OS_IPHONE=1 -D__IOS -fms-extensions  -isysroot /Applications/Xcode.app/Contents/Developer/Platforms/iPhoneSimulator.platform/Developer/SDKs/iPhoneSimulator8.0.sdk -Wl,-headerpad_max_install_names   CMakeFiles/cmTC_52d95.dir/CheckIncludeFile.c.o  -o cmTC_52d95  


Determining size of short passed with the following output:
Change Dir: /Users/husseinalzandvirtual/linphone-iphone/WORK/ios-x86_64/Build/speex/CMakeFiles/CMakeTmp

Run Build Command:"/usr/bin/make" "cmTC_728c8/fast"
/Applications/Xcode.app/Contents/Developer/usr/bin/make -f CMakeFiles/cmTC_728c8.dir/build.make CMakeFiles/cmTC_728c8.dir/build
Building C object CMakeFiles/cmTC_728c8.dir/SHORT.c.o
/Users/husseinalzandvirtual/linphone-iphone/WORK/ios-x86_64/Build/speex/x86_64-apple-darwin-clang   -arch x86_64 -mios-simulator-version-min=6.0 -DTARGET_OS_IPHONE=1 -D__IOS -fms-extensions -Dasm=__asm -arch x86_64 -mios-simulator-version-min=6.0 -DTARGET_OS_IPHONE=1 -D__IOS -fms-extensions  -isysroot /Applications/Xcode.app/Contents/Developer/Platforms/iPhoneSimulator.platform/Developer/SDKs/iPhoneSimulator8.0.sdk   -o CMakeFiles/cmTC_728c8.dir/SHORT.c.o   -c /Users/husseinalzandvirtual/linphone-iphone/WORK/ios-x86_64/Build/speex/CMakeFiles/CheckTypeSize/SHORT.c
Linking C executable cmTC_728c8
/usr/local/Cellar/cmake/3.3.2/bin/cmake -E cmake_link_script CMakeFiles/cmTC_728c8.dir/link.txt --verbose=1
/Users/husseinalzandvirtual/linphone-iphone/WORK/ios-x86_64/Build/speex/x86_64-apple-darwin-clang   -arch x86_64 -mios-simulator-version-min=6.0 -DTARGET_OS_IPHONE=1 -D__IOS -fms-extensions -Dasm=__asm -arch x86_64 -mios-simulator-version-min=6.0 -DTARGET_OS_IPHONE=1 -D__IOS -fms-extensions  -isysroot /Applications/Xcode.app/Contents/Developer/Platforms/iPhoneSimulator.platform/Developer/SDKs/iPhoneSimulator8.0.sdk -Wl,-headerpad_max_install_names   CMakeFiles/cmTC_728c8.dir/SHORT.c.o  -o cmTC_728c8  


Determining size of int passed with the following output:
Change Dir: /Users/husseinalzandvirtual/linphone-iphone/WORK/ios-x86_64/Build/speex/CMakeFiles/CMakeTmp

Run Build Command:"/usr/bin/make" "cmTC_79afa/fast"
/Applications/Xcode.app/Contents/Developer/usr/bin/make -f CMakeFiles/cmTC_79afa.dir/build.make CMakeFiles/cmTC_79afa.dir/build
Building C object CMakeFiles/cmTC_79afa.dir/INT.c.o
/Users/husseinalzandvirtual/linphone-iphone/WORK/ios-x86_64/Build/speex/x86_64-apple-darwin-clang   -arch x86_64 -mios-simulator-version-min=6.0 -DTARGET_OS_IPHONE=1 -D__IOS -fms-extensions -Dasm=__asm -arch x86_64 -mios-simulator-version-min=6.0 -DTARGET_OS_IPHONE=1 -D__IOS -fms-extensions  -isysroot /Applications/Xcode.app/Contents/Developer/Platforms/iPhoneSimulator.platform/Developer/SDKs/iPhoneSimulator8.0.sdk   -o CMakeFiles/cmTC_79afa.dir/INT.c.o   -c /Users/husseinalzandvirtual/linphone-iphone/WORK/ios-x86_64/Build/speex/CMakeFiles/CheckTypeSize/INT.c
Linking C executable cmTC_79afa
/usr/local/Cellar/cmake/3.3.2/bin/cmake -E cmake_link_script CMakeFiles/cmTC_79afa.dir/link.txt --verbose=1
/Users/husseinalzandvirtual/linphone-iphone/WORK/ios-x86_64/Build/speex/x86_64-apple-darwin-clang   -arch x86_64 -mios-simulator-version-min=6.0 -DTARGET_OS_IPHONE=1 -D__IOS -fms-extensions -Dasm=__asm -arch x86_64 -mios-simulator-version-min=6.0 -DTARGET_OS_IPHONE=1 -D__IOS -fms-extensions  -isysroot /Applications/Xcode.app/Contents/Developer/Platforms/iPhoneSimulator.platform/Developer/SDKs/iPhoneSimulator8.0.sdk -Wl,-headerpad_max_install_names   CMakeFiles/cmTC_79afa.dir/INT.c.o  -o cmTC_79afa  


Determining size of long passed with the following output:
Change Dir: /Users/husseinalzandvirtual/linphone-iphone/WORK/ios-x86_64/Build/speex/CMakeFiles/CMakeTmp

Run Build Command:"/usr/bin/make" "cmTC_93172/fast"
/Applications/Xcode.app/Contents/Developer/usr/bin/make -f CMakeFiles/cmTC_93172.dir/build.make CMakeFiles/cmTC_93172.dir/build
Building C object CMakeFiles/cmTC_93172.dir/LONG.c.o
/Users/husseinalzandvirtual/linphone-iphone/WORK/ios-x86_64/Build/speex/x86_64-apple-darwin-clang   -arch x86_64 -mios-simulator-version-min=6.0 -DTARGET_OS_IPHONE=1 -D__IOS -fms-extensions -Dasm=__asm -arch x86_64 -mios-simulator-version-min=6.0 -DTARGET_OS_IPHONE=1 -D__IOS -fms-extensions  -isysroot /Applications/Xcode.app/Contents/Developer/Platforms/iPhoneSimulator.platform/Developer/SDKs/iPhoneSimulator8.0.sdk   -o CMakeFiles/cmTC_93172.dir/LONG.c.o   -c /Users/husseinalzandvirtual/linphone-iphone/WORK/ios-x86_64/Build/speex/CMakeFiles/CheckTypeSize/LONG.c
Linking C executable cmTC_93172
/usr/local/Cellar/cmake/3.3.2/bin/cmake -E cmake_link_script CMakeFiles/cmTC_93172.dir/link.txt --verbose=1
/Users/husseinalzandvirtual/linphone-iphone/WORK/ios-x86_64/Build/speex/x86_64-apple-darwin-clang   -arch x86_64 -mios-simulator-version-min=6.0 -DTARGET_OS_IPHONE=1 -D__IOS -fms-extensions -Dasm=__asm -arch x86_64 -mios-simulator-version-min=6.0 -DTARGET_OS_IPHONE=1 -D__IOS -fms-extensions  -isysroot /Applications/Xcode.app/Contents/Developer/Platforms/iPhoneSimulator.platform/Developer/SDKs/iPhoneSimulator8.0.sdk -Wl,-headerpad_max_install_names   CMakeFiles/cmTC_93172.dir/LONG.c.o  -o cmTC_93172  


