The target system is: Darwin -  - aarch64
The host system is: Darwin - 14.4.0 - x86_64
Determining if files pthread.h exist passed with the following output:
Change Dir: /Users/husseinalzandvirtual/linphone-iphone/WORK/ios-arm64/Build/ms2/CMakeFiles/CMakeTmp

Run Build Command:"/usr/bin/make" "cmTC_69c60/fast"
/Applications/Xcode.app/Contents/Developer/usr/bin/make -f CMakeFiles/cmTC_69c60.dir/build.make CMakeFiles/cmTC_69c60.dir/build
Building C object CMakeFiles/cmTC_69c60.dir/CheckIncludeFiles.c.o
/Users/husseinalzandvirtual/linphone-iphone/WORK/ios-arm64/Build/ms2/arm64-apple-darwin-clang   -arch arm64 -miphoneos-version-min=6.0 -DTARGET_OS_IPHONE=1 -D__IOS -fms-extensions -Dasm=__asm -arch arm64 -miphoneos-version-min=6.0 -DTARGET_OS_IPHONE=1 -D__IOS -fms-extensions  -isysroot /Applications/Xcode.app/Contents/Developer/Platforms/iPhoneOS.platform/Developer/SDKs/iPhoneOS8.0.sdk   -o CMakeFiles/cmTC_69c60.dir/CheckIncludeFiles.c.o   -c /Users/husseinalzandvirtual/linphone-iphone/WORK/ios-arm64/Build/ms2/CMakeFiles/CMakeTmp/CheckIncludeFiles.c
Linking C executable cmTC_69c60
/usr/local/Cellar/cmake/3.3.2/bin/cmake -E cmake_link_script CMakeFiles/cmTC_69c60.dir/link.txt --verbose=1
/Users/husseinalzandvirtual/linphone-iphone/WORK/ios-arm64/Build/ms2/arm64-apple-darwin-clang   -arch arm64 -miphoneos-version-min=6.0 -DTARGET_OS_IPHONE=1 -D__IOS -fms-extensions -Dasm=__asm -arch arm64 -miphoneos-version-min=6.0 -DTARGET_OS_IPHONE=1 -D__IOS -fms-extensions  -isysroot /Applications/Xcode.app/Contents/Developer/Platforms/iPhoneOS.platform/Developer/SDKs/iPhoneOS8.0.sdk -Wl,-headerpad_max_install_names   CMakeFiles/cmTC_69c60.dir/CheckIncludeFiles.c.o  -o cmTC_69c60  


Determining if the pthread_create exist passed with the following output:
Change Dir: /Users/husseinalzandvirtual/linphone-iphone/WORK/ios-arm64/Build/ms2/CMakeFiles/CMakeTmp

Run Build Command:"/usr/bin/make" "cmTC_26b48/fast"
/Applications/Xcode.app/Contents/Developer/usr/bin/make -f CMakeFiles/cmTC_26b48.dir/build.make CMakeFiles/cmTC_26b48.dir/build
Building C object CMakeFiles/cmTC_26b48.dir/CheckSymbolExists.c.o
/Users/husseinalzandvirtual/linphone-iphone/WORK/ios-arm64/Build/ms2/arm64-apple-darwin-clang   -arch arm64 -miphoneos-version-min=6.0 -DTARGET_OS_IPHONE=1 -D__IOS -fms-extensions -Dasm=__asm -arch arm64 -miphoneos-version-min=6.0 -DTARGET_OS_IPHONE=1 -D__IOS -fms-extensions  -isysroot /Applications/Xcode.app/Contents/Developer/Platforms/iPhoneOS.platform/Developer/SDKs/iPhoneOS8.0.sdk   -o CMakeFiles/cmTC_26b48.dir/CheckSymbolExists.c.o   -c /Users/husseinalzandvirtual/linphone-iphone/WORK/ios-arm64/Build/ms2/CMakeFiles/CMakeTmp/CheckSymbolExists.c
Linking C executable cmTC_26b48
/usr/local/Cellar/cmake/3.3.2/bin/cmake -E cmake_link_script CMakeFiles/cmTC_26b48.dir/link.txt --verbose=1
/Users/husseinalzandvirtual/linphone-iphone/WORK/ios-arm64/Build/ms2/arm64-apple-darwin-clang   -arch arm64 -miphoneos-version-min=6.0 -DTARGET_OS_IPHONE=1 -D__IOS -fms-extensions -Dasm=__asm -arch arm64 -miphoneos-version-min=6.0 -DTARGET_OS_IPHONE=1 -D__IOS -fms-extensions  -isysroot /Applications/Xcode.app/Contents/Developer/Platforms/iPhoneOS.platform/Developer/SDKs/iPhoneOS8.0.sdk -Wl,-headerpad_max_install_names   CMakeFiles/cmTC_26b48.dir/CheckSymbolExists.c.o  -o cmTC_26b48  

File /Users/husseinalzandvirtual/linphone-iphone/WORK/ios-arm64/Build/ms2/CMakeFiles/CMakeTmp/CheckSymbolExists.c:
/* */
#include <pthread.h>

int main(int argc, char** argv)
{
  (void)argv;
#ifndef pthread_create
  return ((int*)(&pthread_create))[argc];
#else
  (void)argc;
  return 0;
#endif
}

Determining if the include file sys/shm.h exists passed with the following output:
Change Dir: /Users/husseinalzandvirtual/linphone-iphone/WORK/ios-arm64/Build/ms2/CMakeFiles/CMakeTmp

Run Build Command:"/usr/bin/make" "cmTC_a82d1/fast"
/Applications/Xcode.app/Contents/Developer/usr/bin/make -f CMakeFiles/cmTC_a82d1.dir/build.make CMakeFiles/cmTC_a82d1.dir/build
Building C object CMakeFiles/cmTC_a82d1.dir/CheckIncludeFile.c.o
/Users/husseinalzandvirtual/linphone-iphone/WORK/ios-arm64/Build/ms2/arm64-apple-darwin-clang   -arch arm64 -miphoneos-version-min=6.0 -DTARGET_OS_IPHONE=1 -D__IOS -fms-extensions -Dasm=__asm -arch arm64 -miphoneos-version-min=6.0 -DTARGET_OS_IPHONE=1 -D__IOS -fms-extensions  -isysroot /Applications/Xcode.app/Contents/Developer/Platforms/iPhoneOS.platform/Developer/SDKs/iPhoneOS8.0.sdk   -o CMakeFiles/cmTC_a82d1.dir/CheckIncludeFile.c.o   -c /Users/husseinalzandvirtual/linphone-iphone/WORK/ios-arm64/Build/ms2/CMakeFiles/CMakeTmp/CheckIncludeFile.c
Linking C executable cmTC_a82d1
/usr/local/Cellar/cmake/3.3.2/bin/cmake -E cmake_link_script CMakeFiles/cmTC_a82d1.dir/link.txt --verbose=1
/Users/husseinalzandvirtual/linphone-iphone/WORK/ios-arm64/Build/ms2/arm64-apple-darwin-clang   -arch arm64 -miphoneos-version-min=6.0 -DTARGET_OS_IPHONE=1 -D__IOS -fms-extensions -Dasm=__asm -arch arm64 -miphoneos-version-min=6.0 -DTARGET_OS_IPHONE=1 -D__IOS -fms-extensions  -isysroot /Applications/Xcode.app/Contents/Developer/Platforms/iPhoneOS.platform/Developer/SDKs/iPhoneOS8.0.sdk -Wl,-headerpad_max_install_names   CMakeFiles/cmTC_a82d1.dir/CheckIncludeFile.c.o  -o cmTC_a82d1  


Determining if the include file alloca.h exists passed with the following output:
Change Dir: /Users/husseinalzandvirtual/linphone-iphone/WORK/ios-arm64/Build/ms2/CMakeFiles/CMakeTmp

Run Build Command:"/usr/bin/make" "cmTC_1271e/fast"
/Applications/Xcode.app/Contents/Developer/usr/bin/make -f CMakeFiles/cmTC_1271e.dir/build.make CMakeFiles/cmTC_1271e.dir/build
Building C object CMakeFiles/cmTC_1271e.dir/CheckIncludeFile.c.o
/Users/husseinalzandvirtual/linphone-iphone/WORK/ios-arm64/Build/ms2/arm64-apple-darwin-clang   -arch arm64 -miphoneos-version-min=6.0 -DTARGET_OS_IPHONE=1 -D__IOS -fms-extensions -Dasm=__asm -arch arm64 -miphoneos-version-min=6.0 -DTARGET_OS_IPHONE=1 -D__IOS -fms-extensions  -isysroot /Applications/Xcode.app/Contents/Developer/Platforms/iPhoneOS.platform/Developer/SDKs/iPhoneOS8.0.sdk   -o CMakeFiles/cmTC_1271e.dir/CheckIncludeFile.c.o   -c /Users/husseinalzandvirtual/linphone-iphone/WORK/ios-arm64/Build/ms2/CMakeFiles/CMakeTmp/CheckIncludeFile.c
Linking C executable cmTC_1271e
/usr/local/Cellar/cmake/3.3.2/bin/cmake -E cmake_link_script CMakeFiles/cmTC_1271e.dir/link.txt --verbose=1
/Users/husseinalzandvirtual/linphone-iphone/WORK/ios-arm64/Build/ms2/arm64-apple-darwin-clang   -arch arm64 -miphoneos-version-min=6.0 -DTARGET_OS_IPHONE=1 -D__IOS -fms-extensions -Dasm=__asm -arch arm64 -miphoneos-version-min=6.0 -DTARGET_OS_IPHONE=1 -D__IOS -fms-extensions  -isysroot /Applications/Xcode.app/Contents/Developer/Platforms/iPhoneOS.platform/Developer/SDKs/iPhoneOS8.0.sdk -Wl,-headerpad_max_install_names   CMakeFiles/cmTC_1271e.dir/CheckIncludeFile.c.o  -o cmTC_1271e  


Determining if the function dlopen exists in the dl passed with the following output:
Change Dir: /Users/husseinalzandvirtual/linphone-iphone/WORK/ios-arm64/Build/ms2/CMakeFiles/CMakeTmp

Run Build Command:"/usr/bin/make" "cmTC_c4d12/fast"
/Applications/Xcode.app/Contents/Developer/usr/bin/make -f CMakeFiles/cmTC_c4d12.dir/build.make CMakeFiles/cmTC_c4d12.dir/build
Building C object CMakeFiles/cmTC_c4d12.dir/CheckFunctionExists.c.o
/Users/husseinalzandvirtual/linphone-iphone/WORK/ios-arm64/Build/ms2/arm64-apple-darwin-clang   -arch arm64 -miphoneos-version-min=6.0 -DTARGET_OS_IPHONE=1 -D__IOS -fms-extensions -Dasm=__asm -arch arm64 -miphoneos-version-min=6.0 -DTARGET_OS_IPHONE=1 -D__IOS -fms-extensions -DCHECK_FUNCTION_EXISTS=dlopen -isysroot /Applications/Xcode.app/Contents/Developer/Platforms/iPhoneOS.platform/Developer/SDKs/iPhoneOS8.0.sdk   -o CMakeFiles/cmTC_c4d12.dir/CheckFunctionExists.c.o   -c /usr/local/Cellar/cmake/3.3.2/share/cmake/Modules/CheckFunctionExists.c
Linking C executable cmTC_c4d12
/usr/local/Cellar/cmake/3.3.2/bin/cmake -E cmake_link_script CMakeFiles/cmTC_c4d12.dir/link.txt --verbose=1
/Users/husseinalzandvirtual/linphone-iphone/WORK/ios-arm64/Build/ms2/arm64-apple-darwin-clang   -arch arm64 -miphoneos-version-min=6.0 -DTARGET_OS_IPHONE=1 -D__IOS -fms-extensions -Dasm=__asm -arch arm64 -miphoneos-version-min=6.0 -DTARGET_OS_IPHONE=1 -D__IOS -fms-extensions -DCHECK_FUNCTION_EXISTS=dlopen -isysroot /Applications/Xcode.app/Contents/Developer/Platforms/iPhoneOS.platform/Developer/SDKs/iPhoneOS8.0.sdk -Wl,-headerpad_max_install_names   CMakeFiles/cmTC_c4d12.dir/CheckFunctionExists.c.o  -o cmTC_c4d12  -ldl 


Determining if the include file sys/types.h exists passed with the following output:
Change Dir: /Users/husseinalzandvirtual/linphone-iphone/WORK/ios-arm64/Build/ms2/CMakeFiles/CMakeTmp

Run Build Command:"/usr/bin/make" "cmTC_03731/fast"
/Applications/Xcode.app/Contents/Developer/usr/bin/make -f CMakeFiles/cmTC_03731.dir/build.make CMakeFiles/cmTC_03731.dir/build
Building C object CMakeFiles/cmTC_03731.dir/CheckIncludeFile.c.o
/Users/husseinalzandvirtual/linphone-iphone/WORK/ios-arm64/Build/ms2/arm64-apple-darwin-clang   -arch arm64 -miphoneos-version-min=6.0 -DTARGET_OS_IPHONE=1 -D__IOS -fms-extensions -Dasm=__asm -arch arm64 -miphoneos-version-min=6.0 -DTARGET_OS_IPHONE=1 -D__IOS -fms-extensions  -isysroot /Applications/Xcode.app/Contents/Developer/Platforms/iPhoneOS.platform/Developer/SDKs/iPhoneOS8.0.sdk   -o CMakeFiles/cmTC_03731.dir/CheckIncludeFile.c.o   -c /Users/husseinalzandvirtual/linphone-iphone/WORK/ios-arm64/Build/ms2/CMakeFiles/CMakeTmp/CheckIncludeFile.c
Linking C executable cmTC_03731
/usr/local/Cellar/cmake/3.3.2/bin/cmake -E cmake_link_script CMakeFiles/cmTC_03731.dir/link.txt --verbose=1
/Users/husseinalzandvirtual/linphone-iphone/WORK/ios-arm64/Build/ms2/arm64-apple-darwin-clang   -arch arm64 -miphoneos-version-min=6.0 -DTARGET_OS_IPHONE=1 -D__IOS -fms-extensions -Dasm=__asm -arch arm64 -miphoneos-version-min=6.0 -DTARGET_OS_IPHONE=1 -D__IOS -fms-extensions  -isysroot /Applications/Xcode.app/Contents/Developer/Platforms/iPhoneOS.platform/Developer/SDKs/iPhoneOS8.0.sdk -Wl,-headerpad_max_install_names   CMakeFiles/cmTC_03731.dir/CheckIncludeFile.c.o  -o cmTC_03731  


Determining if the include file stdint.h exists passed with the following output:
Change Dir: /Users/husseinalzandvirtual/linphone-iphone/WORK/ios-arm64/Build/ms2/CMakeFiles/CMakeTmp

Run Build Command:"/usr/bin/make" "cmTC_d4000/fast"
/Applications/Xcode.app/Contents/Developer/usr/bin/make -f CMakeFiles/cmTC_d4000.dir/build.make CMakeFiles/cmTC_d4000.dir/build
Building C object CMakeFiles/cmTC_d4000.dir/CheckIncludeFile.c.o
/Users/husseinalzandvirtual/linphone-iphone/WORK/ios-arm64/Build/ms2/arm64-apple-darwin-clang   -arch arm64 -miphoneos-version-min=6.0 -DTARGET_OS_IPHONE=1 -D__IOS -fms-extensions -Dasm=__asm -arch arm64 -miphoneos-version-min=6.0 -DTARGET_OS_IPHONE=1 -D__IOS -fms-extensions  -isysroot /Applications/Xcode.app/Contents/Developer/Platforms/iPhoneOS.platform/Developer/SDKs/iPhoneOS8.0.sdk   -o CMakeFiles/cmTC_d4000.dir/CheckIncludeFile.c.o   -c /Users/husseinalzandvirtual/linphone-iphone/WORK/ios-arm64/Build/ms2/CMakeFiles/CMakeTmp/CheckIncludeFile.c
Linking C executable cmTC_d4000
/usr/local/Cellar/cmake/3.3.2/bin/cmake -E cmake_link_script CMakeFiles/cmTC_d4000.dir/link.txt --verbose=1
/Users/husseinalzandvirtual/linphone-iphone/WORK/ios-arm64/Build/ms2/arm64-apple-darwin-clang   -arch arm64 -miphoneos-version-min=6.0 -DTARGET_OS_IPHONE=1 -D__IOS -fms-extensions -Dasm=__asm -arch arm64 -miphoneos-version-min=6.0 -DTARGET_OS_IPHONE=1 -D__IOS -fms-extensions  -isysroot /Applications/Xcode.app/Contents/Developer/Platforms/iPhoneOS.platform/Developer/SDKs/iPhoneOS8.0.sdk -Wl,-headerpad_max_install_names   CMakeFiles/cmTC_d4000.dir/CheckIncludeFile.c.o  -o cmTC_d4000  


Determining if the include file stddef.h exists passed with the following output:
Change Dir: /Users/husseinalzandvirtual/linphone-iphone/WORK/ios-arm64/Build/ms2/CMakeFiles/CMakeTmp

Run Build Command:"/usr/bin/make" "cmTC_c66ae/fast"
/Applications/Xcode.app/Contents/Developer/usr/bin/make -f CMakeFiles/cmTC_c66ae.dir/build.make CMakeFiles/cmTC_c66ae.dir/build
Building C object CMakeFiles/cmTC_c66ae.dir/CheckIncludeFile.c.o
/Users/husseinalzandvirtual/linphone-iphone/WORK/ios-arm64/Build/ms2/arm64-apple-darwin-clang   -arch arm64 -miphoneos-version-min=6.0 -DTARGET_OS_IPHONE=1 -D__IOS -fms-extensions -Dasm=__asm -arch arm64 -miphoneos-version-min=6.0 -DTARGET_OS_IPHONE=1 -D__IOS -fms-extensions  -isysroot /Applications/Xcode.app/Contents/Developer/Platforms/iPhoneOS.platform/Developer/SDKs/iPhoneOS8.0.sdk   -o CMakeFiles/cmTC_c66ae.dir/CheckIncludeFile.c.o   -c /Users/husseinalzandvirtual/linphone-iphone/WORK/ios-arm64/Build/ms2/CMakeFiles/CMakeTmp/CheckIncludeFile.c
Linking C executable cmTC_c66ae
/usr/local/Cellar/cmake/3.3.2/bin/cmake -E cmake_link_script CMakeFiles/cmTC_c66ae.dir/link.txt --verbose=1
/Users/husseinalzandvirtual/linphone-iphone/WORK/ios-arm64/Build/ms2/arm64-apple-darwin-clang   -arch arm64 -miphoneos-version-min=6.0 -DTARGET_OS_IPHONE=1 -D__IOS -fms-extensions -Dasm=__asm -arch arm64 -miphoneos-version-min=6.0 -DTARGET_OS_IPHONE=1 -D__IOS -fms-extensions  -isysroot /Applications/Xcode.app/Contents/Developer/Platforms/iPhoneOS.platform/Developer/SDKs/iPhoneOS8.0.sdk -Wl,-headerpad_max_install_names   CMakeFiles/cmTC_c66ae.dir/CheckIncludeFile.c.o  -o cmTC_c66ae  


Determining size of unsigned short passed with the following output:
Change Dir: /Users/husseinalzandvirtual/linphone-iphone/WORK/ios-arm64/Build/ms2/CMakeFiles/CMakeTmp

Run Build Command:"/usr/bin/make" "cmTC_89ccc/fast"
/Applications/Xcode.app/Contents/Developer/usr/bin/make -f CMakeFiles/cmTC_89ccc.dir/build.make CMakeFiles/cmTC_89ccc.dir/build
Building C object CMakeFiles/cmTC_89ccc.dir/CMAKE_SIZEOF_UNSIGNED_SHORT.c.o
/Users/husseinalzandvirtual/linphone-iphone/WORK/ios-arm64/Build/ms2/arm64-apple-darwin-clang   -arch arm64 -miphoneos-version-min=6.0 -DTARGET_OS_IPHONE=1 -D__IOS -fms-extensions -Dasm=__asm -arch arm64 -miphoneos-version-min=6.0 -DTARGET_OS_IPHONE=1 -D__IOS -fms-extensions  -isysroot /Applications/Xcode.app/Contents/Developer/Platforms/iPhoneOS.platform/Developer/SDKs/iPhoneOS8.0.sdk   -o CMakeFiles/cmTC_89ccc.dir/CMAKE_SIZEOF_UNSIGNED_SHORT.c.o   -c /Users/husseinalzandvirtual/linphone-iphone/WORK/ios-arm64/Build/ms2/CMakeFiles/CheckTypeSize/CMAKE_SIZEOF_UNSIGNED_SHORT.c
Linking C executable cmTC_89ccc
/usr/local/Cellar/cmake/3.3.2/bin/cmake -E cmake_link_script CMakeFiles/cmTC_89ccc.dir/link.txt --verbose=1
/Users/husseinalzandvirtual/linphone-iphone/WORK/ios-arm64/Build/ms2/arm64-apple-darwin-clang   -arch arm64 -miphoneos-version-min=6.0 -DTARGET_OS_IPHONE=1 -D__IOS -fms-extensions -Dasm=__asm -arch arm64 -miphoneos-version-min=6.0 -DTARGET_OS_IPHONE=1 -D__IOS -fms-extensions  -isysroot /Applications/Xcode.app/Contents/Developer/Platforms/iPhoneOS.platform/Developer/SDKs/iPhoneOS8.0.sdk -Wl,-headerpad_max_install_names   CMakeFiles/cmTC_89ccc.dir/CMAKE_SIZEOF_UNSIGNED_SHORT.c.o  -o cmTC_89ccc  


Performing C SOURCE FILE Test X509PARSE_CRTPATH_OK succeded with the following output:
Change Dir: /Users/husseinalzandvirtual/linphone-iphone/WORK/ios-arm64/Build/ms2/CMakeFiles/CMakeTmp

Run Build Command:"/usr/bin/make" "cmTC_521c0/fast"
/Applications/Xcode.app/Contents/Developer/usr/bin/make -f CMakeFiles/cmTC_521c0.dir/build.make CMakeFiles/cmTC_521c0.dir/build
Building C object CMakeFiles/cmTC_521c0.dir/src.c.o
/Users/husseinalzandvirtual/linphone-iphone/WORK/ios-arm64/Build/ms2/arm64-apple-darwin-clang   -arch arm64 -miphoneos-version-min=6.0 -DTARGET_OS_IPHONE=1 -D__IOS -fms-extensions -Dasm=__asm -arch arm64 -miphoneos-version-min=6.0 -DTARGET_OS_IPHONE=1 -D__IOS -fms-extensions -DX509PARSE_CRTPATH_OK -isysroot /Applications/Xcode.app/Contents/Developer/Platforms/iPhoneOS.platform/Developer/SDKs/iPhoneOS8.0.sdk -I/Users/husseinalzandvirtual/linphone-iphone/liblinphone-sdk/arm64-apple-darwin.ios/include    -o CMakeFiles/cmTC_521c0.dir/src.c.o   -c /Users/husseinalzandvirtual/linphone-iphone/WORK/ios-arm64/Build/ms2/CMakeFiles/CMakeTmp/src.c
In file included from /Users/husseinalzandvirtual/linphone-iphone/WORK/ios-arm64/Build/ms2/CMakeFiles/CMakeTmp/src.c:4:
/Users/husseinalzandvirtual/linphone-iphone/liblinphone-sdk/arm64-apple-darwin.ios/include/polarssl/compat-1.2.h:53:2: warning: "You can disable these warnings by commenting SHOW_PROTOTYPE_CHANGE_WARNINGS in compat-1.2.h" [-W#warnings]
#warning "You can disable these warnings by commenting SHOW_PROTOTYPE_CHANGE_WARNINGS in compat-1.2.h"
 ^
/Users/husseinalzandvirtual/linphone-iphone/liblinphone-sdk/arm64-apple-darwin.ios/include/polarssl/compat-1.2.h:156:2: warning: "cipher_reset() prototype changed. Manual change required if used" [-W#warnings]
#warning "cipher_reset() prototype changed. Manual change required if used"
 ^
/Users/husseinalzandvirtual/linphone-iphone/liblinphone-sdk/arm64-apple-darwin.ios/include/polarssl/compat-1.2.h:171:2: warning: "rsa_pkcs1_verify() prototype changed. Manual change required if used" [-W#warnings]
#warning "rsa_pkcs1_verify() prototype changed. Manual change required if used"
 ^
/Users/husseinalzandvirtual/linphone-iphone/liblinphone-sdk/arm64-apple-darwin.ios/include/polarssl/compat-1.2.h:172:2: warning: "rsa_pkcs1_decrypt() prototype changed. Manual change required if used" [-W#warnings]
#warning "rsa_pkcs1_decrypt() prototype changed. Manual change required if used"
 ^
/Users/husseinalzandvirtual/linphone-iphone/liblinphone-sdk/arm64-apple-darwin.ios/include/polarssl/compat-1.2.h:178:2: warning: "dhm_calc_secret() prototype changed. Manual change required if used" [-W#warnings]
#warning "dhm_calc_secret() prototype changed. Manual change required if used"
 ^
/Users/husseinalzandvirtual/linphone-iphone/liblinphone-sdk/arm64-apple-darwin.ios/include/polarssl/compat-1.2.h:184:2: warning: "gcm_init() prototype changed. Manual change required if used" [-W#warnings]
#warning "gcm_init() prototype changed. Manual change required if used"
 ^
/Users/husseinalzandvirtual/linphone-iphone/liblinphone-sdk/arm64-apple-darwin.ios/include/polarssl/compat-1.2.h:190:2: warning: "ssl_set_own_cert() prototype changed. Change to ssl_set_own_cert_rsa(). Manual change required if used" [-W#warnings]
#warning "ssl_set_own_cert() prototype changed. Change to ssl_set_own_cert_rsa(). Manual change required if used"
 ^
7 warnings generated.
Linking C executable cmTC_521c0
/usr/local/Cellar/cmake/3.3.2/bin/cmake -E cmake_link_script CMakeFiles/cmTC_521c0.dir/link.txt --verbose=1
/Users/husseinalzandvirtual/linphone-iphone/WORK/ios-arm64/Build/ms2/arm64-apple-darwin-clang   -arch arm64 -miphoneos-version-min=6.0 -DTARGET_OS_IPHONE=1 -D__IOS -fms-extensions -Dasm=__asm -arch arm64 -miphoneos-version-min=6.0 -DTARGET_OS_IPHONE=1 -D__IOS -fms-extensions -DX509PARSE_CRTPATH_OK -isysroot /Applications/Xcode.app/Contents/Developer/Platforms/iPhoneOS.platform/Developer/SDKs/iPhoneOS8.0.sdk -Wl,-headerpad_max_install_names   CMakeFiles/cmTC_521c0.dir/src.c.o  -o cmTC_521c0  /Users/husseinalzandvirtual/linphone-iphone/liblinphone-sdk/arm64-apple-darwin.ios/lib/libpolarssl.a 

Source file was:
#include <polarssl/version.h>
#include <polarssl/x509.h>
#if POLARSSL_VERSION_NUMBER >= 0x01030000
#include <polarssl/compat-1.2.h>
#endif
int main(int argc, char *argv[]) {
x509parse_crtpath(0,0);
return 0;
}
Determining if the ssl_get_dtls_srtp_protection_profile exist passed with the following output:
Change Dir: /Users/husseinalzandvirtual/linphone-iphone/WORK/ios-arm64/Build/ms2/CMakeFiles/CMakeTmp

Run Build Command:"/usr/bin/make" "cmTC_b7779/fast"
/Applications/Xcode.app/Contents/Developer/usr/bin/make -f CMakeFiles/cmTC_b7779.dir/build.make CMakeFiles/cmTC_b7779.dir/build
Building C object CMakeFiles/cmTC_b7779.dir/CheckSymbolExists.c.o
/Users/husseinalzandvirtual/linphone-iphone/WORK/ios-arm64/Build/ms2/arm64-apple-darwin-clang   -arch arm64 -miphoneos-version-min=6.0 -DTARGET_OS_IPHONE=1 -D__IOS -fms-extensions -Dasm=__asm -arch arm64 -miphoneos-version-min=6.0 -DTARGET_OS_IPHONE=1 -D__IOS -fms-extensions  -isysroot /Applications/Xcode.app/Contents/Developer/Platforms/iPhoneOS.platform/Developer/SDKs/iPhoneOS8.0.sdk -I/Users/husseinalzandvirtual/linphone-iphone/liblinphone-sdk/arm64-apple-darwin.ios/include    -o CMakeFiles/cmTC_b7779.dir/CheckSymbolExists.c.o   -c /Users/husseinalzandvirtual/linphone-iphone/WORK/ios-arm64/Build/ms2/CMakeFiles/CMakeTmp/CheckSymbolExists.c
Linking C executable cmTC_b7779
/usr/local/Cellar/cmake/3.3.2/bin/cmake -E cmake_link_script CMakeFiles/cmTC_b7779.dir/link.txt --verbose=1
/Users/husseinalzandvirtual/linphone-iphone/WORK/ios-arm64/Build/ms2/arm64-apple-darwin-clang   -arch arm64 -miphoneos-version-min=6.0 -DTARGET_OS_IPHONE=1 -D__IOS -fms-extensions -Dasm=__asm -arch arm64 -miphoneos-version-min=6.0 -DTARGET_OS_IPHONE=1 -D__IOS -fms-extensions  -isysroot /Applications/Xcode.app/Contents/Developer/Platforms/iPhoneOS.platform/Developer/SDKs/iPhoneOS8.0.sdk -Wl,-headerpad_max_install_names   CMakeFiles/cmTC_b7779.dir/CheckSymbolExists.c.o  -o cmTC_b7779  /Users/husseinalzandvirtual/linphone-iphone/liblinphone-sdk/arm64-apple-darwin.ios/lib/libpolarssl.a 

File /Users/husseinalzandvirtual/linphone-iphone/WORK/ios-arm64/Build/ms2/CMakeFiles/CMakeTmp/CheckSymbolExists.c:
/* */
#include <polarssl/ssl.h>

int main(int argc, char** argv)
{
  (void)argv;
#ifndef ssl_get_dtls_srtp_protection_profile
  return ((int*)(&ssl_get_dtls_srtp_protection_profile))[argc];
#else
  (void)argc;
  return 0;
#endif
}

Determining if the avcodec_get_context_defaults3 exist passed with the following output:
Change Dir: /Users/husseinalzandvirtual/linphone-iphone/WORK/ios-arm64/Build/ms2/CMakeFiles/CMakeTmp

Run Build Command:"/usr/bin/make" "cmTC_aaf42/fast"
/Applications/Xcode.app/Contents/Developer/usr/bin/make -f CMakeFiles/cmTC_aaf42.dir/build.make CMakeFiles/cmTC_aaf42.dir/build
Building C object CMakeFiles/cmTC_aaf42.dir/CheckSymbolExists.c.o
/Users/husseinalzandvirtual/linphone-iphone/WORK/ios-arm64/Build/ms2/arm64-apple-darwin-clang   -arch arm64 -miphoneos-version-min=6.0 -DTARGET_OS_IPHONE=1 -D__IOS -fms-extensions -Dasm=__asm -arch arm64 -miphoneos-version-min=6.0 -DTARGET_OS_IPHONE=1 -D__IOS -fms-extensions  -isysroot /Applications/Xcode.app/Contents/Developer/Platforms/iPhoneOS.platform/Developer/SDKs/iPhoneOS8.0.sdk -I/Users/husseinalzandvirtual/linphone-iphone/liblinphone-sdk/arm64-apple-darwin.ios/include    -o CMakeFiles/cmTC_aaf42.dir/CheckSymbolExists.c.o   -c /Users/husseinalzandvirtual/linphone-iphone/WORK/ios-arm64/Build/ms2/CMakeFiles/CMakeTmp/CheckSymbolExists.c
Linking C executable cmTC_aaf42
/usr/local/Cellar/cmake/3.3.2/bin/cmake -E cmake_link_script CMakeFiles/cmTC_aaf42.dir/link.txt --verbose=1
/Users/husseinalzandvirtual/linphone-iphone/WORK/ios-arm64/Build/ms2/arm64-apple-darwin-clang   -arch arm64 -miphoneos-version-min=6.0 -DTARGET_OS_IPHONE=1 -D__IOS -fms-extensions -Dasm=__asm -arch arm64 -miphoneos-version-min=6.0 -DTARGET_OS_IPHONE=1 -D__IOS -fms-extensions  -isysroot /Applications/Xcode.app/Contents/Developer/Platforms/iPhoneOS.platform/Developer/SDKs/iPhoneOS8.0.sdk -Wl,-headerpad_max_install_names   CMakeFiles/cmTC_aaf42.dir/CheckSymbolExists.c.o  -o cmTC_aaf42  /Users/husseinalzandvirtual/linphone-iphone/liblinphone-sdk/arm64-apple-darwin.ios/lib/libavcodec.a /Users/husseinalzandvirtual/linphone-iphone/liblinphone-sdk/arm64-apple-darwin.ios/lib/libavutil.a /Users/husseinalzandvirtual/linphone-iphone/liblinphone-sdk/arm64-apple-darwin.ios/lib/libswscale.a 

File /Users/husseinalzandvirtual/linphone-iphone/WORK/ios-arm64/Build/ms2/CMakeFiles/CMakeTmp/CheckSymbolExists.c:
/* */
#include <libavcodec/avcodec.h>

int main(int argc, char** argv)
{
  (void)argv;
#ifndef avcodec_get_context_defaults3
  return ((int*)(&avcodec_get_context_defaults3))[argc];
#else
  (void)argc;
  return 0;
#endif
}

Determining if the avcodec_open2 exist passed with the following output:
Change Dir: /Users/husseinalzandvirtual/linphone-iphone/WORK/ios-arm64/Build/ms2/CMakeFiles/CMakeTmp

Run Build Command:"/usr/bin/make" "cmTC_e38ce/fast"
/Applications/Xcode.app/Contents/Developer/usr/bin/make -f CMakeFiles/cmTC_e38ce.dir/build.make CMakeFiles/cmTC_e38ce.dir/build
Building C object CMakeFiles/cmTC_e38ce.dir/CheckSymbolExists.c.o
/Users/husseinalzandvirtual/linphone-iphone/WORK/ios-arm64/Build/ms2/arm64-apple-darwin-clang   -arch arm64 -miphoneos-version-min=6.0 -DTARGET_OS_IPHONE=1 -D__IOS -fms-extensions -Dasm=__asm -arch arm64 -miphoneos-version-min=6.0 -DTARGET_OS_IPHONE=1 -D__IOS -fms-extensions  -isysroot /Applications/Xcode.app/Contents/Developer/Platforms/iPhoneOS.platform/Developer/SDKs/iPhoneOS8.0.sdk -I/Users/husseinalzandvirtual/linphone-iphone/liblinphone-sdk/arm64-apple-darwin.ios/include    -o CMakeFiles/cmTC_e38ce.dir/CheckSymbolExists.c.o   -c /Users/husseinalzandvirtual/linphone-iphone/WORK/ios-arm64/Build/ms2/CMakeFiles/CMakeTmp/CheckSymbolExists.c
Linking C executable cmTC_e38ce
/usr/local/Cellar/cmake/3.3.2/bin/cmake -E cmake_link_script CMakeFiles/cmTC_e38ce.dir/link.txt --verbose=1
/Users/husseinalzandvirtual/linphone-iphone/WORK/ios-arm64/Build/ms2/arm64-apple-darwin-clang   -arch arm64 -miphoneos-version-min=6.0 -DTARGET_OS_IPHONE=1 -D__IOS -fms-extensions -Dasm=__asm -arch arm64 -miphoneos-version-min=6.0 -DTARGET_OS_IPHONE=1 -D__IOS -fms-extensions  -isysroot /Applications/Xcode.app/Contents/Developer/Platforms/iPhoneOS.platform/Developer/SDKs/iPhoneOS8.0.sdk -Wl,-headerpad_max_install_names   CMakeFiles/cmTC_e38ce.dir/CheckSymbolExists.c.o  -o cmTC_e38ce  /Users/husseinalzandvirtual/linphone-iphone/liblinphone-sdk/arm64-apple-darwin.ios/lib/libavcodec.a /Users/husseinalzandvirtual/linphone-iphone/liblinphone-sdk/arm64-apple-darwin.ios/lib/libavutil.a /Users/husseinalzandvirtual/linphone-iphone/liblinphone-sdk/arm64-apple-darwin.ios/lib/libswscale.a 

File /Users/husseinalzandvirtual/linphone-iphone/WORK/ios-arm64/Build/ms2/CMakeFiles/CMakeTmp/CheckSymbolExists.c:
/* */
#include <libavcodec/avcodec.h>

int main(int argc, char** argv)
{
  (void)argv;
#ifndef avcodec_open2
  return ((int*)(&avcodec_open2))[argc];
#else
  (void)argc;
  return 0;
#endif
}

Determining if the avcodec_encode_video2 exist passed with the following output:
Change Dir: /Users/husseinalzandvirtual/linphone-iphone/WORK/ios-arm64/Build/ms2/CMakeFiles/CMakeTmp

Run Build Command:"/usr/bin/make" "cmTC_e9b39/fast"
/Applications/Xcode.app/Contents/Developer/usr/bin/make -f CMakeFiles/cmTC_e9b39.dir/build.make CMakeFiles/cmTC_e9b39.dir/build
Building C object CMakeFiles/cmTC_e9b39.dir/CheckSymbolExists.c.o
/Users/husseinalzandvirtual/linphone-iphone/WORK/ios-arm64/Build/ms2/arm64-apple-darwin-clang   -arch arm64 -miphoneos-version-min=6.0 -DTARGET_OS_IPHONE=1 -D__IOS -fms-extensions -Dasm=__asm -arch arm64 -miphoneos-version-min=6.0 -DTARGET_OS_IPHONE=1 -D__IOS -fms-extensions  -isysroot /Applications/Xcode.app/Contents/Developer/Platforms/iPhoneOS.platform/Developer/SDKs/iPhoneOS8.0.sdk -I/Users/husseinalzandvirtual/linphone-iphone/liblinphone-sdk/arm64-apple-darwin.ios/include    -o CMakeFiles/cmTC_e9b39.dir/CheckSymbolExists.c.o   -c /Users/husseinalzandvirtual/linphone-iphone/WORK/ios-arm64/Build/ms2/CMakeFiles/CMakeTmp/CheckSymbolExists.c
Linking C executable cmTC_e9b39
/usr/local/Cellar/cmake/3.3.2/bin/cmake -E cmake_link_script CMakeFiles/cmTC_e9b39.dir/link.txt --verbose=1
/Users/husseinalzandvirtual/linphone-iphone/WORK/ios-arm64/Build/ms2/arm64-apple-darwin-clang   -arch arm64 -miphoneos-version-min=6.0 -DTARGET_OS_IPHONE=1 -D__IOS -fms-extensions -Dasm=__asm -arch arm64 -miphoneos-version-min=6.0 -DTARGET_OS_IPHONE=1 -D__IOS -fms-extensions  -isysroot /Applications/Xcode.app/Contents/Developer/Platforms/iPhoneOS.platform/Developer/SDKs/iPhoneOS8.0.sdk -Wl,-headerpad_max_install_names   CMakeFiles/cmTC_e9b39.dir/CheckSymbolExists.c.o  -o cmTC_e9b39  /Users/husseinalzandvirtual/linphone-iphone/liblinphone-sdk/arm64-apple-darwin.ios/lib/libavcodec.a /Users/husseinalzandvirtual/linphone-iphone/liblinphone-sdk/arm64-apple-darwin.ios/lib/libavutil.a /Users/husseinalzandvirtual/linphone-iphone/liblinphone-sdk/arm64-apple-darwin.ios/lib/libswscale.a 

File /Users/husseinalzandvirtual/linphone-iphone/WORK/ios-arm64/Build/ms2/CMakeFiles/CMakeTmp/CheckSymbolExists.c:
/* */
#include <libavcodec/avcodec.h>

int main(int argc, char** argv)
{
  (void)argv;
#ifndef avcodec_encode_video2
  return ((int*)(&avcodec_encode_video2))[argc];
#else
  (void)argc;
  return 0;
#endif
}

Determining if the av_frame_alloc exist passed with the following output:
Change Dir: /Users/husseinalzandvirtual/linphone-iphone/WORK/ios-arm64/Build/ms2/CMakeFiles/CMakeTmp

Run Build Command:"/usr/bin/make" "cmTC_6f8af/fast"
/Applications/Xcode.app/Contents/Developer/usr/bin/make -f CMakeFiles/cmTC_6f8af.dir/build.make CMakeFiles/cmTC_6f8af.dir/build
Building C object CMakeFiles/cmTC_6f8af.dir/CheckSymbolExists.c.o
/Users/husseinalzandvirtual/linphone-iphone/WORK/ios-arm64/Build/ms2/arm64-apple-darwin-clang   -arch arm64 -miphoneos-version-min=6.0 -DTARGET_OS_IPHONE=1 -D__IOS -fms-extensions -Dasm=__asm -arch arm64 -miphoneos-version-min=6.0 -DTARGET_OS_IPHONE=1 -D__IOS -fms-extensions  -isysroot /Applications/Xcode.app/Contents/Developer/Platforms/iPhoneOS.platform/Developer/SDKs/iPhoneOS8.0.sdk -I/Users/husseinalzandvirtual/linphone-iphone/liblinphone-sdk/arm64-apple-darwin.ios/include    -o CMakeFiles/cmTC_6f8af.dir/CheckSymbolExists.c.o   -c /Users/husseinalzandvirtual/linphone-iphone/WORK/ios-arm64/Build/ms2/CMakeFiles/CMakeTmp/CheckSymbolExists.c
Linking C executable cmTC_6f8af
/usr/local/Cellar/cmake/3.3.2/bin/cmake -E cmake_link_script CMakeFiles/cmTC_6f8af.dir/link.txt --verbose=1
/Users/husseinalzandvirtual/linphone-iphone/WORK/ios-arm64/Build/ms2/arm64-apple-darwin-clang   -arch arm64 -miphoneos-version-min=6.0 -DTARGET_OS_IPHONE=1 -D__IOS -fms-extensions -Dasm=__asm -arch arm64 -miphoneos-version-min=6.0 -DTARGET_OS_IPHONE=1 -D__IOS -fms-extensions  -isysroot /Applications/Xcode.app/Contents/Developer/Platforms/iPhoneOS.platform/Developer/SDKs/iPhoneOS8.0.sdk -Wl,-headerpad_max_install_names   CMakeFiles/cmTC_6f8af.dir/CheckSymbolExists.c.o  -o cmTC_6f8af  /Users/husseinalzandvirtual/linphone-iphone/liblinphone-sdk/arm64-apple-darwin.ios/lib/libavcodec.a /Users/husseinalzandvirtual/linphone-iphone/liblinphone-sdk/arm64-apple-darwin.ios/lib/libavutil.a /Users/husseinalzandvirtual/linphone-iphone/liblinphone-sdk/arm64-apple-darwin.ios/lib/libswscale.a 

File /Users/husseinalzandvirtual/linphone-iphone/WORK/ios-arm64/Build/ms2/CMakeFiles/CMakeTmp/CheckSymbolExists.c:
/* */
#include <libavutil/avutil.h>
#include <libavutil/frame.h>

int main(int argc, char** argv)
{
  (void)argv;
#ifndef av_frame_alloc
  return ((int*)(&av_frame_alloc))[argc];
#else
  (void)argc;
  return 0;
#endif
}

Determining if the av_frame_free exist passed with the following output:
Change Dir: /Users/husseinalzandvirtual/linphone-iphone/WORK/ios-arm64/Build/ms2/CMakeFiles/CMakeTmp

Run Build Command:"/usr/bin/make" "cmTC_efc2d/fast"
/Applications/Xcode.app/Contents/Developer/usr/bin/make -f CMakeFiles/cmTC_efc2d.dir/build.make CMakeFiles/cmTC_efc2d.dir/build
Building C object CMakeFiles/cmTC_efc2d.dir/CheckSymbolExists.c.o
/Users/husseinalzandvirtual/linphone-iphone/WORK/ios-arm64/Build/ms2/arm64-apple-darwin-clang   -arch arm64 -miphoneos-version-min=6.0 -DTARGET_OS_IPHONE=1 -D__IOS -fms-extensions -Dasm=__asm -arch arm64 -miphoneos-version-min=6.0 -DTARGET_OS_IPHONE=1 -D__IOS -fms-extensions  -isysroot /Applications/Xcode.app/Contents/Developer/Platforms/iPhoneOS.platform/Developer/SDKs/iPhoneOS8.0.sdk -I/Users/husseinalzandvirtual/linphone-iphone/liblinphone-sdk/arm64-apple-darwin.ios/include    -o CMakeFiles/cmTC_efc2d.dir/CheckSymbolExists.c.o   -c /Users/husseinalzandvirtual/linphone-iphone/WORK/ios-arm64/Build/ms2/CMakeFiles/CMakeTmp/CheckSymbolExists.c
Linking C executable cmTC_efc2d
/usr/local/Cellar/cmake/3.3.2/bin/cmake -E cmake_link_script CMakeFiles/cmTC_efc2d.dir/link.txt --verbose=1
/Users/husseinalzandvirtual/linphone-iphone/WORK/ios-arm64/Build/ms2/arm64-apple-darwin-clang   -arch arm64 -miphoneos-version-min=6.0 -DTARGET_OS_IPHONE=1 -D__IOS -fms-extensions -Dasm=__asm -arch arm64 -miphoneos-version-min=6.0 -DTARGET_OS_IPHONE=1 -D__IOS -fms-extensions  -isysroot /Applications/Xcode.app/Contents/Developer/Platforms/iPhoneOS.platform/Developer/SDKs/iPhoneOS8.0.sdk -Wl,-headerpad_max_install_names   CMakeFiles/cmTC_efc2d.dir/CheckSymbolExists.c.o  -o cmTC_efc2d  /Users/husseinalzandvirtual/linphone-iphone/liblinphone-sdk/arm64-apple-darwin.ios/lib/libavcodec.a /Users/husseinalzandvirtual/linphone-iphone/liblinphone-sdk/arm64-apple-darwin.ios/lib/libavutil.a /Users/husseinalzandvirtual/linphone-iphone/liblinphone-sdk/arm64-apple-darwin.ios/lib/libswscale.a 

File /Users/husseinalzandvirtual/linphone-iphone/WORK/ios-arm64/Build/ms2/CMakeFiles/CMakeTmp/CheckSymbolExists.c:
/* */
#include <libavutil/avutil.h>
#include <libavutil/frame.h>

int main(int argc, char** argv)
{
  (void)argv;
#ifndef av_frame_free
  return ((int*)(&av_frame_free))[argc];
#else
  (void)argc;
  return 0;
#endif
}

Determining if the av_frame_unref exist passed with the following output:
Change Dir: /Users/husseinalzandvirtual/linphone-iphone/WORK/ios-arm64/Build/ms2/CMakeFiles/CMakeTmp

Run Build Command:"/usr/bin/make" "cmTC_67a5c/fast"
/Applications/Xcode.app/Contents/Developer/usr/bin/make -f CMakeFiles/cmTC_67a5c.dir/build.make CMakeFiles/cmTC_67a5c.dir/build
Building C object CMakeFiles/cmTC_67a5c.dir/CheckSymbolExists.c.o
/Users/husseinalzandvirtual/linphone-iphone/WORK/ios-arm64/Build/ms2/arm64-apple-darwin-clang   -arch arm64 -miphoneos-version-min=6.0 -DTARGET_OS_IPHONE=1 -D__IOS -fms-extensions -Dasm=__asm -arch arm64 -miphoneos-version-min=6.0 -DTARGET_OS_IPHONE=1 -D__IOS -fms-extensions  -isysroot /Applications/Xcode.app/Contents/Developer/Platforms/iPhoneOS.platform/Developer/SDKs/iPhoneOS8.0.sdk -I/Users/husseinalzandvirtual/linphone-iphone/liblinphone-sdk/arm64-apple-darwin.ios/include    -o CMakeFiles/cmTC_67a5c.dir/CheckSymbolExists.c.o   -c /Users/husseinalzandvirtual/linphone-iphone/WORK/ios-arm64/Build/ms2/CMakeFiles/CMakeTmp/CheckSymbolExists.c
Linking C executable cmTC_67a5c
/usr/local/Cellar/cmake/3.3.2/bin/cmake -E cmake_link_script CMakeFiles/cmTC_67a5c.dir/link.txt --verbose=1
/Users/husseinalzandvirtual/linphone-iphone/WORK/ios-arm64/Build/ms2/arm64-apple-darwin-clang   -arch arm64 -miphoneos-version-min=6.0 -DTARGET_OS_IPHONE=1 -D__IOS -fms-extensions -Dasm=__asm -arch arm64 -miphoneos-version-min=6.0 -DTARGET_OS_IPHONE=1 -D__IOS -fms-extensions  -isysroot /Applications/Xcode.app/Contents/Developer/Platforms/iPhoneOS.platform/Developer/SDKs/iPhoneOS8.0.sdk -Wl,-headerpad_max_install_names   CMakeFiles/cmTC_67a5c.dir/CheckSymbolExists.c.o  -o cmTC_67a5c  /Users/husseinalzandvirtual/linphone-iphone/liblinphone-sdk/arm64-apple-darwin.ios/lib/libavcodec.a /Users/husseinalzandvirtual/linphone-iphone/liblinphone-sdk/arm64-apple-darwin.ios/lib/libavutil.a /Users/husseinalzandvirtual/linphone-iphone/liblinphone-sdk/arm64-apple-darwin.ios/lib/libswscale.a 

File /Users/husseinalzandvirtual/linphone-iphone/WORK/ios-arm64/Build/ms2/CMakeFiles/CMakeTmp/CheckSymbolExists.c:
/* */
#include <libavutil/avutil.h>
#include <libavutil/frame.h>

int main(int argc, char** argv)
{
  (void)argv;
#ifndef av_frame_unref
  return ((int*)(&av_frame_unref))[argc];
#else
  (void)argc;
  return 0;
#endif
}

